[START] DB Fix started at 2026-04-28 12:03:22
Running set: primary_key_uuid_set — Switch primary keys to UUID (keeping data safe) and then unify the PK column name to `id`.
[ensure primary key uuid] Operator.id: int/bigint primary key with child FKs → skip automatic rewrite to UUID (affects 1 child FK relationship(s)); run with --cascade to migrate
[ensure primary key uuid] core_domains.id: int/bigint PK → converted to UUID PRIMARY KEY (kept name id)
[ensure primary key uuid] core_settings.slug: varchar(30) → non-integer PK → nothing to do
[ensure primary key uuid] core_sites.id: int/bigint primary key with child FKs → skip automatic rewrite to UUID (affects 1 child FK relationship(s)); run with --cascade to migrate
[ensure primary key uuid] core_users.id: int/bigint PK → converted to UUID PRIMARY KEY (kept name id)
[ensure primary key uuid] default_accounting_invoice_payment_associations.id: int/bigint PK → converted to UUID PRIMARY KEY (kept name id)
[ensure primary key uuid] default_accounting_invoices.id: int/bigint primary key with child FKs → skip automatic rewrite to UUID (affects 1 child FK relationship(s)); run with --cascade to migrate
[ensure primary key uuid] default_accounting_logs.id: int/bigint PK → converted to UUID PRIMARY KEY (kept name id)
[ensure primary key uuid] default_accounting_setup.id: int/bigint PK → converted to UUID PRIMARY KEY (kept name id)
[ensure primary key uuid] default_accounting_system_field_associations.id: int/bigint PK → converted to UUID PRIMARY KEY (kept name id)
[ensure primary key uuid] default_accounting_system_field_options.id: int/bigint primary key with child FKs → skip automatic rewrite to UUID (affects 1 child FK relationship(s)); run with --cascade to migrate
[ensure primary key uuid] default_accounting_system_field_permissions.id: int/bigint PK → converted to UUID PRIMARY KEY (kept name id)
[ensure primary key uuid] default_accounting_system_fields.id: int/bigint primary key with child FKs → skip automatic rewrite to UUID (affects 2 child FK relationship(s)); run with --cascade to migrate
[ensure primary key uuid] default_accounting_systems.id: int/bigint primary key with child FKs → skip automatic rewrite to UUID (affects 1 child FK relationship(s)); run with --cascade to migrate
[ensure primary key uuid] default_activity_tracker.id: int/bigint primary key with child FKs → skip automatic rewrite to UUID (affects 7 child FK relationship(s)); run with --cascade to migrate
[ensure primary key uuid] default_activity_tracker_donation_document_link.id: int/bigint PK → converted to UUID PRIMARY KEY (kept name id)
[ensure primary key uuid] default_activity_tracker_link.id: int/bigint PK → converted to UUID PRIMARY KEY (kept name id)
[ensure primary key uuid] default_activity_tracker_logger.id: int/bigint PK → converted to UUID PRIMARY KEY (kept name id)
[ensure primary key uuid] default_activity_tracker_user_association.id: int/bigint PK → converted to UUID PRIMARY KEY (kept name id)
[ensure primary key uuid] default_admin_log.id: int/bigint PK → converted to UUID PRIMARY KEY (kept name id)
[ensure primary key uuid] default_admin_portal_dashboard.id: int/bigint PK → converted to UUID PRIMARY KEY (kept name id)
[ensure primary key uuid] default_admin_portal_settings.id: int/bigint PK → converted to UUID PRIMARY KEY (kept name id)
[ensure primary key uuid] default_admin_selection.id: int/bigint PK → converted to UUID PRIMARY KEY (kept name id)
[ensure primary key uuid] default_advanced_filters.id: int/bigint PK → converted to UUID PRIMARY KEY (kept name id)
[ensure primary key uuid] default_adverts.id: int/bigint PK → converted to UUID PRIMARY KEY (kept name id)
[ensure primary key uuid] default_api_data_keys.id: int/bigint PK → converted to UUID PRIMARY KEY (kept name id)
[ensure primary key uuid] default_api_keys.id: int/bigint PK → converted to UUID PRIMARY KEY (kept name id)
[ensure primary key uuid] default_api_login_tokens.id: int/bigint PK → converted to UUID PRIMARY KEY (kept name id)
[ensure primary key uuid] default_api_logs.id: int/bigint PK → converted to UUID PRIMARY KEY (kept name id)
[ensure primary key uuid] default_audit_log.id: int/bigint PK → converted to UUID PRIMARY KEY (kept name id)
[ensure primary key uuid] default_authentications.id: int/bigint PK → converted to UUID PRIMARY KEY (kept name id)
[ensure primary key uuid] default_autosaved_content.id: int/bigint PK → converted to UUID PRIMARY KEY (kept name id)
[ensure primary key uuid] default_because_event_registrations.id: int/bigint PK → converted to UUID PRIMARY KEY (kept name id)
[ensure primary key uuid] default_because_events.id: int/bigint PK → converted to UUID PRIMARY KEY (kept name id)
[ensure primary key uuid] default_blog.id: int/bigint PK → converted to UUID PRIMARY KEY (kept name id)
[ensure primary key uuid] default_blog_categories.id: int/bigint PK → converted to UUID PRIMARY KEY (kept name id)
[ensure primary key uuid] default_business_categories.id: int/bigint primary key with child FKs → skip automatic rewrite to UUID (affects 4 child FK relationship(s)); run with --cascade to migrate
[ensure primary key uuid] default_business_profile_categories_link.id: int/bigint PK → converted to UUID PRIMARY KEY (kept name id)
[ensure primary key uuid] default_business_profile_reads.id: int/bigint PK → converted to UUID PRIMARY KEY (kept name id)
[ensure primary key uuid] default_business_profile_reads_sites.id: int/bigint PK → converted to UUID PRIMARY KEY (kept name id)
[ensure primary key uuid] default_business_profile_secondary_categories.id: int/bigint PK → converted to UUID PRIMARY KEY (kept name id)
[ensure primary key uuid] default_business_profiles.id: int/bigint primary key with child FKs → skip automatic rewrite to UUID (affects 6 child FK relationship(s)); run with --cascade to migrate
[ensure primary key uuid] default_careers_admin.id: int/bigint PK → converted to UUID PRIMARY KEY (kept name id)
[ensure primary key uuid] default_careers_jobs.id: int/bigint primary key with child FKs → skip automatic rewrite to UUID (affects 3 child FK relationship(s)); run with --cascade to migrate
[ensure primary key uuid] default_careers_jobs_applications.id: int/bigint PK → converted to UUID PRIMARY KEY (kept name id)
[ensure primary key uuid] default_careers_jobs_categories.id: int/bigint primary key with child FKs → skip automatic rewrite to UUID (affects 2 child FK relationship(s)); run with --cascade to migrate
[ensure primary key uuid] default_careers_jobs_categories_association.id: int/bigint PK → converted to UUID PRIMARY KEY (kept name id)
[ensure primary key uuid] default_careers_mentor_categories.id: int/bigint PK → converted to UUID PRIMARY KEY (kept name id)
[ensure primary key uuid] default_careers_mentor_requests.id: int/bigint primary key with child FKs → skip automatic rewrite to UUID (affects 1 child FK relationship(s)); run with --cascade to migrate
[ensure primary key uuid] default_careers_mentor_requests_categories.id: int/bigint PK → converted to UUID PRIMARY KEY (kept name id)
[ensure primary key uuid] default_careers_mentoring_categories.id: int/bigint primary key with child FKs → skip automatic rewrite to UUID (affects 2 child FK relationship(s)); run with --cascade to migrate
[ensure primary key uuid] default_careers_mentors.id: int/bigint primary key with child FKs → skip automatic rewrite to UUID (affects 1 child FK relationship(s)); run with --cascade to migrate
[ensure primary key uuid] default_chatitem.id: int/bigint PK → converted to UUID PRIMARY KEY (kept name id)
[ensure primary key uuid] default_club_members.id: int/bigint PK → converted to UUID PRIMARY KEY (kept name id)
[ensure primary key uuid] default_club_subject_areas.id: int/bigint PK → converted to UUID PRIMARY KEY (kept name id)
[ensure primary key uuid] default_club_types.id: int/bigint primary key with child FKs → skip automatic rewrite to UUID (affects 1 child FK relationship(s)); run with --cascade to migrate
[ensure primary key uuid] default_clubs.id: int/bigint primary key with child FKs → skip automatic rewrite to UUID (affects 7 child FK relationship(s)); run with --cascade to migrate
[ensure primary key uuid] default_comment_blacklists.id: int/bigint PK → converted to UUID PRIMARY KEY (kept name id)
[ensure primary key uuid] default_comment_likes.id: int/bigint PK → converted to UUID PRIMARY KEY (kept name id)
[ensure primary key uuid] default_comment_scrapes.id: int/bigint PK → converted to UUID PRIMARY KEY (kept name id)
[ensure primary key uuid] default_comment_tags.(composite): present → DRY: would replace with UUID PK and unique previous PK
[ensure primary key uuid] default_comments.id: int/bigint primary key with child FKs → skip automatic rewrite to UUID (affects 5 child FK relationship(s)); run with --cascade to migrate
[ensure primary key uuid] default_connections.id: int/bigint PK → converted to UUID PRIMARY KEY (kept name id)
[ensure primary key uuid] default_consent_sources.id: int/bigint primary key with child FKs → skip automatic rewrite to UUID (affects 1 child FK relationship(s)); run with --cascade to migrate
[ensure primary key uuid] default_contact_log.id: int/bigint PK → converted to UUID PRIMARY KEY (kept name id)
[ensure primary key uuid] default_credentials.id: int/bigint PK → converted to UUID PRIMARY KEY (kept name id)
[ensure primary key uuid] default_custom_pages.id: int/bigint PK → converted to UUID PRIMARY KEY (kept name id)
[ensure primary key uuid] default_data_field_assignments.id: int/bigint PK → converted to UUID PRIMARY KEY (kept name id)
[ensure primary key uuid] default_data_fields.id: int/bigint PK → converted to UUID PRIMARY KEY (kept name id)
[ensure primary key uuid] default_data_stream_searches.id: int/bigint PK → converted to UUID PRIMARY KEY (kept name id)
[ensure primary key uuid] default_data_streams.id: int/bigint PK → converted to UUID PRIMARY KEY (kept name id)
[ensure primary key uuid] default_def_page_fields.id: int/bigint PK → converted to UUID PRIMARY KEY (kept name id)
[ensure primary key uuid] default_discounts.id: int/bigint primary key with child FKs → skip automatic rewrite to UUID (affects 8 child FK relationship(s)); run with --cascade to migrate
[ensure primary key uuid] default_discounts_categories.id: int/bigint primary key with child FKs → skip automatic rewrite to UUID (affects 1 child FK relationship(s)); run with --cascade to migrate
[ensure primary key uuid] default_discounts_events.id: int/bigint PK → converted to UUID PRIMARY KEY (kept name id)
[ensure primary key uuid] default_discounts_events_extras.id: int/bigint PK → converted to UUID PRIMARY KEY (kept name id)
[ensure primary key uuid] default_discounts_events_tickets.id: int/bigint PK → converted to UUID PRIMARY KEY (kept name id)
[ensure primary key uuid] default_discounts_memberships_types.id: int/bigint PK → converted to UUID PRIMARY KEY (kept name id)
[ensure primary key uuid] default_discounts_shop_products.id: int/bigint PK → converted to UUID PRIMARY KEY (kept name id)
[ensure primary key uuid] default_discussion_images.id: int/bigint PK → converted to UUID PRIMARY KEY (kept name id)
[ensure primary key uuid] default_discussion_tags.id: int/bigint primary key with child FKs → skip automatic rewrite to UUID (affects 3 child FK relationship(s)); run with --cascade to migrate
[ensure primary key uuid] default_documents.id: int/bigint primary key with child FKs → skip automatic rewrite to UUID (affects 8 child FK relationship(s)); run with --cascade to migrate
[ensure primary key uuid] default_documents_downloads.id: int/bigint PK → converted to UUID PRIMARY KEY (kept name id)
[ensure primary key uuid] default_donor_types.id: int/bigint PK → converted to UUID PRIMARY KEY (kept name id)
[ensure primary key uuid] default_email_categories.id: int/bigint primary key with child FKs → skip automatic rewrite to UUID (affects 1 child FK relationship(s)); run with --cascade to migrate
[ensure primary key uuid] default_email_email_categories.id: int/bigint PK → converted to UUID PRIMARY KEY (kept name id)
[ensure primary key uuid] default_email_link_clicks.id: int/bigint PK → converted to UUID PRIMARY KEY (kept name id)
[ensure primary key uuid] default_email_log.id: int/bigint PK → converted to UUID PRIMARY KEY (kept name id)
[ensure primary key uuid] default_email_users.id: int/bigint primary key with child FKs → skip automatic rewrite to UUID (affects 1 child FK relationship(s)); run with --cascade to migrate
[ensure primary key uuid] default_email_versions.id: int/bigint PK → converted to UUID PRIMARY KEY (kept name id)
[ensure primary key uuid] default_emails.id: int/bigint primary key with child FKs → skip automatic rewrite to UUID (affects 5 child FK relationship(s)); run with --cascade to migrate
[ensure primary key uuid] default_event_attendees.id: int/bigint primary key with child FKs → skip automatic rewrite to UUID (affects 1 child FK relationship(s)); run with --cascade to migrate
[ensure primary key uuid] default_event_categories.id: int/bigint primary key with child FKs → skip automatic rewrite to UUID (affects 2 child FK relationship(s)); run with --cascade to migrate
[ensure primary key uuid] default_event_event_categories.id: int/bigint PK → converted to UUID PRIMARY KEY (kept name id)
[ensure primary key uuid] default_event_extras_amounts.id: int/bigint primary key with child FKs → skip automatic rewrite to UUID (affects 1 child FK relationship(s)); run with --cascade to migrate
[ensure primary key uuid] default_event_extras_amounts_payment_status.id: int/bigint PK → converted to UUID PRIMARY KEY (kept name id)
[ensure primary key uuid] default_event_extras_categories.id: int/bigint primary key with child FKs → skip automatic rewrite to UUID (affects 1 child FK relationship(s)); run with --cascade to migrate
[ensure primary key uuid] default_event_extras_items.id: int/bigint primary key with child FKs → skip automatic rewrite to UUID (affects 3 child FK relationship(s)); run with --cascade to migrate
[ensure primary key uuid] default_event_guests_data.id: int/bigint PK → converted to UUID PRIMARY KEY (kept name id)
[ensure primary key uuid] default_event_payment_accounts.id: int/bigint PK → converted to UUID PRIMARY KEY (kept name id)
[ensure primary key uuid] default_event_question_answers.id: int/bigint PK → converted to UUID PRIMARY KEY (kept name id)
[ensure primary key uuid] default_event_question_options.id: int/bigint primary key with child FKs → skip automatic rewrite to UUID (affects 1 child FK relationship(s)); run with --cascade to migrate
[ensure primary key uuid] default_event_questions.id: int/bigint primary key with child FKs → skip automatic rewrite to UUID (affects 2 child FK relationship(s)); run with --cascade to migrate
[ensure primary key uuid] default_event_registrations.id: int/bigint primary key with child FKs → skip automatic rewrite to UUID (affects 1 child FK relationship(s)); run with --cascade to migrate
[ensure primary key uuid] default_event_ticket_types.id: int/bigint primary key with child FKs → skip automatic rewrite to UUID (affects 2 child FK relationship(s)); run with --cascade to migrate
[ensure primary key uuid] default_events.id: int/bigint primary key with child FKs → skip automatic rewrite to UUID (affects 11 child FK relationship(s)); run with --cascade to migrate
[ensure primary key uuid] default_events_admin_log.id: int/bigint PK → converted to UUID PRIMARY KEY (kept name id)
[ensure primary key uuid] default_fields_answer.id: missing → DRY: would add UUID id and PK
[ensure primary key uuid] default_fields_answer_option_list.id: int/bigint primary key with child FKs → skip automatic rewrite to UUID (affects 17 child FK relationship(s)); run with --cascade to migrate
[ensure primary key uuid] default_fields_field.id: int/bigint primary key with child FKs → skip automatic rewrite to UUID (affects 3 child FK relationship(s)); run with --cascade to migrate
[ensure primary key uuid] default_fields_group.id: int/bigint primary key with child FKs → skip automatic rewrite to UUID (affects 1 child FK relationship(s)); run with --cascade to migrate
[ensure primary key uuid] default_fields_person_type.id: missing → DRY: would add UUID id and PK
[ensure primary key uuid] default_file_folders.id: int/bigint PK → converted to UUID PRIMARY KEY (kept name id)
[ensure primary key uuid] default_files.id: int/bigint PK → converted to UUID PRIMARY KEY (kept name id)
[ensure primary key uuid] default_filter_categories.id: int/bigint primary key with child FKs → skip automatic rewrite to UUID (affects 2 child FK relationship(s)); run with --cascade to migrate
[ensure primary key uuid] default_firesale_addresses.id: int/bigint PK → converted to UUID PRIMARY KEY (kept name id)
[ensure primary key uuid] default_firesale_admin.id: int/bigint PK → converted to UUID PRIMARY KEY (kept name id)
[ensure primary key uuid] default_firesale_categories.id: int/bigint primary key with child FKs → skip automatic rewrite to UUID (affects 1 child FK relationship(s)); run with --cascade to migrate
[ensure primary key uuid] default_firesale_currency.id: int/bigint PK → converted to UUID PRIMARY KEY (kept name id)
[ensure primary key uuid] default_firesale_gateway_settings.id: int/bigint PK → converted to UUID PRIMARY KEY (kept name id)
[ensure primary key uuid] default_firesale_gateways.id: int/bigint PK → converted to UUID PRIMARY KEY (kept name id)
[ensure primary key uuid] default_firesale_orders.id: int/bigint PK → converted to UUID PRIMARY KEY (kept name id)
[ensure primary key uuid] default_firesale_orders_items.id: int/bigint PK → converted to UUID PRIMARY KEY (kept name id)
[ensure primary key uuid] default_firesale_pp_discounts.id: int/bigint PK → converted to UUID PRIMARY KEY (kept name id)
[ensure primary key uuid] default_firesale_pp_options.id: int/bigint primary key with child FKs → skip automatic rewrite to UUID (affects 1 child FK relationship(s)); run with --cascade to migrate
[ensure primary key uuid] default_firesale_pp_product_prices.id: int/bigint PK → converted to UUID PRIMARY KEY (kept name id)
[ensure primary key uuid] default_firesale_product_modifiers.id: int/bigint PK → converted to UUID PRIMARY KEY (kept name id)
[ensure primary key uuid] default_firesale_product_variations.id: int/bigint PK → converted to UUID PRIMARY KEY (kept name id)
[ensure primary key uuid] default_firesale_product_variations_firesale_products.id: int/bigint PK → converted to UUID PRIMARY KEY (kept name id)
[ensure primary key uuid] default_firesale_products.id: int/bigint primary key with child FKs → skip automatic rewrite to UUID (affects 3 child FK relationship(s)); run with --cascade to migrate
[ensure primary key uuid] default_firesale_products_firesale_categories.id: int/bigint PK → converted to UUID PRIMARY KEY (kept name id)
[ensure primary key uuid] default_firesale_routes.id: int/bigint PK → converted to UUID PRIMARY KEY (kept name id)
[ensure primary key uuid] default_firesale_taxes.id: int/bigint PK → converted to UUID PRIMARY KEY (kept name id)
[ensure primary key uuid] default_firesale_taxes_assignments.id: int/bigint PK → converted to UUID PRIMARY KEY (kept name id)
[ensure primary key uuid] default_firesale_transactions.id: int/bigint PK → converted to UUID PRIMARY KEY (kept name id)
[ensure primary key uuid] default_firesale_vat_settings.id: int/bigint PK → converted to UUID PRIMARY KEY (kept name id)
[ensure primary key uuid] default_front_end_customization.id: int/bigint PK → converted to UUID PRIMARY KEY (kept name id)
[ensure primary key uuid] default_front_end_customization_saved_panels.id: int/bigint PK → converted to UUID PRIMARY KEY (kept name id)
[ensure primary key uuid] default_fundraising_about.id: int/bigint PK → converted to UUID PRIMARY KEY (kept name id)
[ensure primary key uuid] default_fundraising_admins.id: int/bigint PK → converted to UUID PRIMARY KEY (kept name id)
[ensure primary key uuid] default_fundraising_campaign_payment_accounts.id: int/bigint PK → converted to UUID PRIMARY KEY (kept name id)
[ensure primary key uuid] default_fundraising_campaign_reads.id: int/bigint PK → converted to UUID PRIMARY KEY (kept name id)
[ensure primary key uuid] default_fundraising_campaign_rewards.id: int/bigint PK → converted to UUID PRIMARY KEY (kept name id)
[ensure primary key uuid] default_fundraising_campaigns.id: int/bigint primary key with child FKs → skip automatic rewrite to UUID (affects 6 child FK relationship(s)); run with --cascade to migrate
[ensure primary key uuid] default_fundraising_charities.id: int/bigint primary key with child FKs → skip automatic rewrite to UUID (affects 4 child FK relationship(s)); run with --cascade to migrate
[ensure primary key uuid] default_fundraising_custom_section_one.id: int/bigint PK → converted to UUID PRIMARY KEY (kept name id)
[ensure primary key uuid] default_fundraising_declarations.id: int/bigint PK → converted to UUID PRIMARY KEY (kept name id)
[ensure primary key uuid] default_fundraising_documents.id: int/bigint PK → converted to UUID PRIMARY KEY (kept name id)
[ensure primary key uuid] default_fundraising_linked_records.id: int/bigint PK → converted to UUID PRIMARY KEY (kept name id)
[ensure primary key uuid] default_fundraising_notes.id: int/bigint PK → converted to UUID PRIMARY KEY (kept name id)
[ensure primary key uuid] default_fundraising_payment_activities.id: int/bigint PK → converted to UUID PRIMARY KEY (kept name id)
[ensure primary key uuid] default_fundraising_payment_campaigns.id: int/bigint PK → converted to UUID PRIMARY KEY (kept name id)
[ensure primary key uuid] default_fundraising_payment_channels.id: int/bigint PK → converted to UUID PRIMARY KEY (kept name id)
[ensure primary key uuid] default_fundraising_payment_logs.id: int/bigint PK → converted to UUID PRIMARY KEY (kept name id)
[ensure primary key uuid] default_fundraising_payment_processors.id: int/bigint PK → converted to UUID PRIMARY KEY (kept name id)
[ensure primary key uuid] default_fundraising_payment_schedules.id: int/bigint PK → converted to UUID PRIMARY KEY (kept name id)
[ensure primary key uuid] default_fundraising_payments.id: int/bigint primary key with child FKs → skip automatic rewrite to UUID (affects 8 child FK relationship(s)); run with --cascade to migrate
[ensure primary key uuid] default_fundraising_support_us_documents.id: int/bigint PK → converted to UUID PRIMARY KEY (kept name id)
[ensure primary key uuid] default_fundraising_tax_receipts.id: int/bigint PK → converted to UUID PRIMARY KEY (kept name id)
[ensure primary key uuid] default_fundraising_welcome.id: int/bigint PK → converted to UUID PRIMARY KEY (kept name id)
[ensure primary key uuid] default_general_setups.id: int/bigint PK → converted to UUID PRIMARY KEY (kept name id)
[ensure primary key uuid] default_group_permissions.id: int/bigint primary key with child FKs → skip automatic rewrite to UUID (affects 2 child FK relationship(s)); run with --cascade to migrate
[ensure primary key uuid] default_group_permissions_events.id: int/bigint PK → converted to UUID PRIMARY KEY (kept name id)
[ensure primary key uuid] default_group_permissions_logs.id: int/bigint PK → converted to UUID PRIMARY KEY (kept name id)
[ensure primary key uuid] default_groups.id: int/bigint primary key with child FKs → skip automatic rewrite to UUID (affects 2 child FK relationship(s)); run with --cascade to migrate
[ensure primary key uuid] default_history_custom_section_activity_feed.id: int/bigint PK → converted to UUID PRIMARY KEY (kept name id)
[ensure primary key uuid] default_history_custom_section_announcement_banner.id: int/bigint PK → converted to UUID PRIMARY KEY (kept name id)
[ensure primary key uuid] default_history_custom_section_quick_links.id: int/bigint PK → converted to UUID PRIMARY KEY (kept name id)
[ensure primary key uuid] default_history_custom_section_system_notifications.id: int/bigint PK → converted to UUID PRIMARY KEY (kept name id)
[ensure primary key uuid] default_history_event_clubs.id: int/bigint PK → converted to UUID PRIMARY KEY (kept name id)
[ensure primary key uuid] default_history_event_flags.id: int/bigint primary key with child FKs → skip automatic rewrite to UUID (affects 1 child FK relationship(s)); run with --cascade to migrate
[ensure primary key uuid] default_history_event_users.id: int/bigint PK → converted to UUID PRIMARY KEY (kept name id)
[ensure primary key uuid] default_history_events.id: int/bigint primary key with child FKs → skip automatic rewrite to UUID (affects 2 child FK relationship(s)); run with --cascade to migrate
[ensure primary key uuid] default_homepage_content.id: int/bigint PK → converted to UUID PRIMARY KEY (kept name id)
[ensure primary key uuid] default_homepage_users.id: int/bigint PK → converted to UUID PRIMARY KEY (kept name id)
[ensure primary key uuid] default_import_activities.id: int/bigint PK → converted to UUID PRIMARY KEY (kept name id)
[ensure primary key uuid] default_import_log.id: int/bigint primary key with child FKs → skip automatic rewrite to UUID (affects 2 child FK relationship(s)); run with --cascade to migrate
[ensure primary key uuid] default_import_refs.id: int/bigint PK → converted to UUID PRIMARY KEY (kept name id)
[ensure primary key uuid] default_import_sources.id: int/bigint primary key with child FKs → skip automatic rewrite to UUID (affects 1 child FK relationship(s)); run with --cascade to migrate
[ensure primary key uuid] default_import_tag_id.id: int/bigint PK → converted to UUID PRIMARY KEY (kept name id)
[ensure primary key uuid] default_institution_aliases.id: int/bigint primary key with child FKs → skip automatic rewrite to UUID (affects 1 child FK relationship(s)); run with --cascade to migrate
[ensure primary key uuid] default_institution_organisation_associations.id: int/bigint PK → converted to UUID PRIMARY KEY (kept name id)
[ensure primary key uuid] default_institution_search.id: int/bigint PK → converted to UUID PRIMARY KEY (kept name id)
[ensure primary key uuid] default_institutions.id: int/bigint primary key with child FKs → skip automatic rewrite to UUID (affects 10 child FK relationship(s)); run with --cascade to migrate
[ensure primary key uuid] default_invitations.id: int/bigint PK → converted to UUID PRIMARY KEY (kept name id)
[ensure primary key uuid] default_jobs_bookmarks.id: int/bigint PK → converted to UUID PRIMARY KEY (kept name id)
[ensure primary key uuid] default_keywords.id: int/bigint PK → converted to UUID PRIMARY KEY (kept name id)
[ensure primary key uuid] default_keywords_applied.id: int/bigint PK → converted to UUID PRIMARY KEY (kept name id)
[ensure primary key uuid] default_magic_tables.id: int/bigint primary key with child FKs → skip automatic rewrite to UUID (affects 3 child FK relationship(s)); run with --cascade to migrate
[ensure primary key uuid] default_membership_discount.id: int/bigint primary key with child FKs → skip automatic rewrite to UUID (affects 1 child FK relationship(s)); run with --cascade to migrate
[ensure primary key uuid] default_membership_payment_receipts.id: int/bigint PK → converted to UUID PRIMARY KEY (kept name id)
[ensure primary key uuid] default_membership_payment_schedules.id: int/bigint PK → converted to UUID PRIMARY KEY (kept name id)
[ensure primary key uuid] default_membership_payments.id: int/bigint primary key with child FKs → skip automatic rewrite to UUID (affects 2 child FK relationship(s)); run with --cascade to migrate
[ensure primary key uuid] default_membership_periods.id: int/bigint primary key with child FKs → skip automatic rewrite to UUID (affects 1 child FK relationship(s)); run with --cascade to migrate
[ensure primary key uuid] default_membership_type.id: int/bigint primary key with child FKs → skip automatic rewrite to UUID (affects 6 child FK relationship(s)); run with --cascade to migrate
[ensure primary key uuid] default_membership_type_external_payment_accounts.id: int/bigint PK → converted to UUID PRIMARY KEY (kept name id)
[ensure primary key uuid] default_memberships.tt_membership_id: int/bigint primary key with child FKs → skip (non-'id' PK rename would require coordinated FK updates); handle in a later naming rule
[ensure primary key uuid] default_menu_settings.id: int/bigint PK → converted to UUID PRIMARY KEY (kept name id)
[ensure primary key uuid] default_migrations.id: int/bigint PK → converted to UUID PRIMARY KEY (kept name id)
[ensure primary key uuid] default_modules.id: int/bigint PK → converted to UUID PRIMARY KEY (kept name id)
[ensure primary key uuid] default_mtable_filters.(composite): present → DRY: would replace with UUID PK and unique previous PK
[ensure primary key uuid] default_mtable_snapshots.id: int/bigint PK → converted to UUID PRIMARY KEY (kept name id)
[ensure primary key uuid] default_mtables_edit.id: int/bigint PK → converted to UUID PRIMARY KEY (kept name id)
[ensure primary key uuid] default_navigation_groups.id: int/bigint PK → converted to UUID PRIMARY KEY (kept name id)
[ensure primary key uuid] default_navigation_links.id: int/bigint PK → converted to UUID PRIMARY KEY (kept name id)
[ensure primary key uuid] default_network_settings.id: int/bigint PK → converted to UUID PRIMARY KEY (kept name id)
[ensure primary key uuid] default_news.id: int/bigint primary key with child FKs → skip automatic rewrite to UUID (affects 10 child FK relationship(s)); run with --cascade to migrate
[ensure primary key uuid] default_news_categories.id: int/bigint primary key with child FKs → skip automatic rewrite to UUID (affects 4 child FK relationship(s)); run with --cascade to migrate
[ensure primary key uuid] default_news_categories_link.id: int/bigint PK → converted to UUID PRIMARY KEY (kept name id)
[ensure primary key uuid] default_news_industry_sectors.id: int/bigint PK → converted to UUID PRIMARY KEY (kept name id)
[ensure primary key uuid] default_news_reads.id: int/bigint PK → converted to UUID PRIMARY KEY (kept name id)
[ensure primary key uuid] default_news_reads_sites.id: int/bigint PK → converted to UUID PRIMARY KEY (kept name id)
[ensure primary key uuid] default_news_secondary_categories.id: int/bigint PK → converted to UUID PRIMARY KEY (kept name id)
[ensure primary key uuid] default_news_social_stats.id: int/bigint PK → converted to UUID PRIMARY KEY (kept name id)
[ensure primary key uuid] default_newsletters_bounces.id: int/bigint PK → converted to UUID PRIMARY KEY (kept name id)
[ensure primary key uuid] default_newsletters_clicks.id: int/bigint PK → converted to UUID PRIMARY KEY (kept name id)
[ensure primary key uuid] default_newsletters_complaints.id: int/bigint PK → converted to UUID PRIMARY KEY (kept name id)
[ensure primary key uuid] default_newsletters_deferrals.id: int/bigint PK → converted to UUID PRIMARY KEY (kept name id)
[ensure primary key uuid] default_newsletters_errors.id: int/bigint PK → converted to UUID PRIMARY KEY (kept name id)
[ensure primary key uuid] default_newsletters_forms.id: int/bigint PK → converted to UUID PRIMARY KEY (kept name id)
[ensure primary key uuid] default_newsletters_forms_lists.id: int/bigint PK → converted to UUID PRIMARY KEY (kept name id)
[ensure primary key uuid] default_newsletters_forwards.id: int/bigint PK → converted to UUID PRIMARY KEY (kept name id)
[ensure primary key uuid] default_newsletters_lists.id: int/bigint PK → converted to UUID PRIMARY KEY (kept name id)
[ensure primary key uuid] default_newsletters_newsletters.id: int/bigint PK → converted to UUID PRIMARY KEY (kept name id)
[ensure primary key uuid] default_newsletters_newsletters_lists.id: int/bigint PK → converted to UUID PRIMARY KEY (kept name id)
[ensure primary key uuid] default_newsletters_opens.id: int/bigint PK → converted to UUID PRIMARY KEY (kept name id)
[ensure primary key uuid] default_newsletters_opt_outs.id: int/bigint PK → converted to UUID PRIMARY KEY (kept name id)
[ensure primary key uuid] default_newsletters_queue.id: int/bigint PK → converted to UUID PRIMARY KEY (kept name id)
[ensure primary key uuid] default_newsletters_subscribers.id: int/bigint PK → converted to UUID PRIMARY KEY (kept name id)
[ensure primary key uuid] default_newsletters_subscribers_lists.id: int/bigint PK → converted to UUID PRIMARY KEY (kept name id)
[ensure primary key uuid] default_newsletters_subscriptions.id: int/bigint PK → converted to UUID PRIMARY KEY (kept name id)
[ensure primary key uuid] default_newsletters_urls.id: int/bigint PK → converted to UUID PRIMARY KEY (kept name id)
[ensure primary key uuid] default_newsletters_views.id: int/bigint PK → converted to UUID PRIMARY KEY (kept name id)
[ensure primary key uuid] default_old_jobs.id: int/bigint primary key with child FKs → skip automatic rewrite to UUID (affects 2 child FK relationship(s)); run with --cascade to migrate
[ensure primary key uuid] default_old_jobs_alert_settings.id: int/bigint PK → converted to UUID PRIMARY KEY (kept name id)
[ensure primary key uuid] default_old_jobs_applications.id: int/bigint PK → converted to UUID PRIMARY KEY (kept name id)
[ensure primary key uuid] default_old_jobs_associate_programs.id: int/bigint PK → converted to UUID PRIMARY KEY (kept name id)
[ensure primary key uuid] default_old_jobs_internships.id: int/bigint PK → converted to UUID PRIMARY KEY (kept name id)
[ensure primary key uuid] default_old_jobzone_settings.id: int/bigint PK → converted to UUID PRIMARY KEY (kept name id)
[ensure primary key uuid] default_old_recruiters.id: int/bigint primary key with child FKs → skip automatic rewrite to UUID (affects 1 child FK relationship(s)); run with --cascade to migrate
[ensure primary key uuid] default_page_types.id: int/bigint PK → converted to UUID PRIMARY KEY (kept name id)
[ensure primary key uuid] default_pages.id: int/bigint PK → converted to UUID PRIMARY KEY (kept name id)
[ensure primary key uuid] default_payment_accounts.id: int/bigint primary key with child FKs → skip automatic rewrite to UUID (affects 9 child FK relationship(s)); run with --cascade to migrate
[ensure primary key uuid] default_payment_accounts_sections.id: int/bigint PK → converted to UUID PRIMARY KEY (kept name id)
[ensure primary key uuid] default_payment_accounts_settings.id: int/bigint PK → converted to UUID PRIMARY KEY (kept name id)
[ensure primary key uuid] default_payment_custom_data.id: int/bigint PK → converted to UUID PRIMARY KEY (kept name id)
[ensure primary key uuid] default_payment_logs.id: int/bigint PK → converted to UUID PRIMARY KEY (kept name id)
[ensure primary key uuid] default_permissions.id: int/bigint PK → converted to UUID PRIMARY KEY (kept name id)
[ensure primary key uuid] default_person_type.id: int/bigint primary key with child FKs → skip automatic rewrite to UUID (affects 4 child FK relationship(s)); run with --cascade to migrate
[ensure primary key uuid] default_person_type_log.id: int/bigint PK → converted to UUID PRIMARY KEY (kept name id)
[ensure primary key uuid] default_person_type_site_specific.id: int/bigint PK → converted to UUID PRIMARY KEY (kept name id)
[ensure primary key uuid] default_photo_gallery.id: int/bigint primary key with child FKs → skip automatic rewrite to UUID (affects 4 child FK relationship(s)); run with --cascade to migrate
[ensure primary key uuid] default_photo_gallery_categories.id: int/bigint primary key with child FKs → skip automatic rewrite to UUID (affects 3 child FK relationship(s)); run with --cascade to migrate
[ensure primary key uuid] default_photo_gallery_categories_link.id: int/bigint PK → converted to UUID PRIMARY KEY (kept name id)
[ensure primary key uuid] default_photo_gallery_photos.id: int/bigint primary key with child FKs → skip automatic rewrite to UUID (affects 1 child FK relationship(s)); run with --cascade to migrate
[ensure primary key uuid] default_photo_gallery_tags.id: int/bigint PK → converted to UUID PRIMARY KEY (kept name id)
[ensure primary key uuid] default_photo_gallery_videos.id: int/bigint primary key with child FKs → skip automatic rewrite to UUID (affects 2 child FK relationship(s)); run with --cascade to migrate
[ensure primary key uuid] default_pipeline_stages.stage_id: int/bigint PK → DRY: would convert to UUID PK named id
[ensure primary key uuid] default_pm_messages.id: int/bigint primary key with child FKs → skip automatic rewrite to UUID (affects 3 child FK relationship(s)); run with --cascade to migrate
[ensure primary key uuid] default_pm_participants.id: int/bigint PK → converted to UUID PRIMARY KEY (kept name id)
[ensure primary key uuid] default_pm_spam_notifications.id: int/bigint PK → converted to UUID PRIMARY KEY (kept name id)
[ensure primary key uuid] default_potential_donor_types.id: int/bigint PK → converted to UUID PRIMARY KEY (kept name id)
[ensure primary key uuid] default_profile_groups_updates.id: int/bigint PK → converted to UUID PRIMARY KEY (kept name id)
[ensure primary key uuid] default_profiles.id: int/bigint primary key with child FKs → skip automatic rewrite to UUID (affects 1 child FK relationship(s)); run with --cascade to migrate
[ensure primary key uuid] default_profiles_address.id: int/bigint primary key with child FKs → skip automatic rewrite to UUID (affects 1 child FK relationship(s)); run with --cascade to migrate
[ensure primary key uuid] default_profiles_address_group_members.id: int/bigint PK → converted to UUID PRIMARY KEY (kept name id)
[ensure primary key uuid] default_profiles_address_groups.id: int/bigint primary key with child FKs → skip automatic rewrite to UUID (affects 2 child FK relationship(s)); run with --cascade to migrate
[ensure primary key uuid] default_profiles_admin_view.id: int/bigint PK → converted to UUID PRIMARY KEY (kept name id)
[ensure primary key uuid] default_profiles_currently.id: int/bigint PK → converted to UUID PRIMARY KEY (kept name id)
[ensure primary key uuid] default_profiles_donor_type.id: int/bigint PK → converted to UUID PRIMARY KEY (kept name id)
[ensure primary key uuid] default_profiles_education.id: int/bigint primary key with child FKs → skip automatic rewrite to UUID (affects 1 child FK relationship(s)); run with --cascade to migrate
[ensure primary key uuid] default_profiles_education_offline.id: int/bigint primary key with child FKs → skip automatic rewrite to UUID (affects 1 child FK relationship(s)); run with --cascade to migrate
[ensure primary key uuid] default_profiles_email.id: int/bigint primary key with child FKs → skip automatic rewrite to UUID (affects 1 child FK relationship(s)); run with --cascade to migrate
[ensure primary key uuid] default_profiles_note.id: int/bigint primary key with child FKs → skip automatic rewrite to UUID (affects 2 child FK relationship(s)); run with --cascade to migrate
[ensure primary key uuid] default_profiles_note_category_associations.(composite): present → DRY: would replace with UUID PK and unique previous PK
[ensure primary key uuid] default_profiles_note_user_associations.(composite): present → DRY: would replace with UUID PK and unique previous PK
[ensure primary key uuid] default_profiles_person_type.id: int/bigint PK → converted to UUID PRIMARY KEY (kept name id)
[ensure primary key uuid] default_profiles_phone.id: int/bigint PK → converted to UUID PRIMARY KEY (kept name id)
[ensure primary key uuid] default_profiles_ref_id_offline.id: int/bigint PK → converted to UUID PRIMARY KEY (kept name id)
[ensure primary key uuid] default_profiles_work.id: int/bigint primary key with child FKs → skip automatic rewrite to UUID (affects 1 child FK relationship(s)); run with --cascade to migrate
[ensure primary key uuid] default_profiles_work_offline.id: int/bigint primary key with child FKs → skip automatic rewrite to UUID (affects 1 child FK relationship(s)); run with --cascade to migrate
[ensure primary key uuid] default_push_notification_type_user_associations.(composite): present → DRY: would replace with UUID PK and unique previous PK
[ensure primary key uuid] default_push_notification_types.id: int/bigint primary key with child FKs → skip automatic rewrite to UUID (affects 2 child FK relationship(s)); run with --cascade to migrate
[ensure primary key uuid] default_push_notification_user_associations.(composite): present → DRY: would replace with UUID PK and unique previous PK
[ensure primary key uuid] default_push_notifications.id: int/bigint primary key with child FKs → skip automatic rewrite to UUID (affects 1 child FK relationship(s)); run with --cascade to migrate
[ensure primary key uuid] default_pyroforms.id: int/bigint PK → converted to UUID PRIMARY KEY (kept name id)
[ensure primary key uuid] default_pyroforms_entry.id: int/bigint PK → converted to UUID PRIMARY KEY (kept name id)
[ensure primary key uuid] default_pyroforms_fields.id: int/bigint PK → converted to UUID PRIMARY KEY (kept name id)
[ensure primary key uuid] default_queries.id: int/bigint primary key with child FKs → skip automatic rewrite to UUID (affects 2 child FK relationship(s)); run with --cascade to migrate
[ensure primary key uuid] default_redirects.id: int/bigint PK → converted to UUID PRIMARY KEY (kept name id)
[ensure primary key uuid] default_related_news.id: int/bigint PK → converted to UUID PRIMARY KEY (kept name id)
[ensure primary key uuid] default_reports.id: int/bigint PK → converted to UUID PRIMARY KEY (kept name id)
[ensure primary key uuid] default_resources.id: int/bigint primary key with child FKs → skip automatic rewrite to UUID (affects 1 child FK relationship(s)); run with --cascade to migrate
[ensure primary key uuid] default_resources_categories.id: int/bigint primary key with child FKs → skip automatic rewrite to UUID (affects 2 child FK relationship(s)); run with --cascade to migrate
[ensure primary key uuid] default_resources_clubs.id: int/bigint PK → converted to UUID PRIMARY KEY (kept name id)
[ensure primary key uuid] default_resources_downloads.id: int/bigint PK → converted to UUID PRIMARY KEY (kept name id)
[ensure primary key uuid] default_school_facts.id: int/bigint PK → converted to UUID PRIMARY KEY (kept name id)
[ensure primary key uuid] default_school_features.id: int/bigint PK → converted to UUID PRIMARY KEY (kept name id)
[ensure primary key uuid] default_school_lead_notifications.id: int/bigint PK → converted to UUID PRIMARY KEY (kept name id)
[ensure primary key uuid] default_school_leads.id: int/bigint primary key with child FKs → skip automatic rewrite to UUID (affects 1 child FK relationship(s)); run with --cascade to migrate
[ensure primary key uuid] default_school_post_comment_notifications.id: int/bigint PK → converted to UUID PRIMARY KEY (kept name id)
[ensure primary key uuid] default_school_scholarships.id: int/bigint PK → converted to UUID PRIMARY KEY (kept name id)
[ensure primary key uuid] default_school_staff.id: int/bigint primary key with child FKs → skip automatic rewrite to UUID (affects 7 child FK relationship(s)); run with --cascade to migrate
[ensure primary key uuid] default_school_staff_autoreplies.id: int/bigint PK → converted to UUID PRIMARY KEY (kept name id)
[ensure primary key uuid] default_school_staff_notifications.id: int/bigint PK → converted to UUID PRIMARY KEY (kept name id)
[ensure primary key uuid] default_school_staff_options.id: int/bigint PK → converted to UUID PRIMARY KEY (kept name id)
[ensure primary key uuid] default_school_tagged_notifications.id: int/bigint PK → converted to UUID PRIMARY KEY (kept name id)
[ensure primary key uuid] default_school_user_interests.id: int/bigint primary key with child FKs → skip automatic rewrite to UUID (affects 2 child FK relationship(s)); run with --cascade to migrate
[ensure primary key uuid] default_school_user_profile_updated_notifications.id: int/bigint PK → converted to UUID PRIMARY KEY (kept name id)
[ensure primary key uuid] default_school_widget_types.id: int/bigint primary key with child FKs → skip automatic rewrite to UUID (affects 1 child FK relationship(s)); run with --cascade to migrate
[ensure primary key uuid] default_school_widgets.id: int/bigint PK → converted to UUID PRIMARY KEY (kept name id)
[ensure primary key uuid] default_schools.id: int/bigint primary key with child FKs → skip automatic rewrite to UUID (affects 8 child FK relationship(s)); run with --cascade to migrate
[ensure primary key uuid] default_scrapes.id: int/bigint primary key with child FKs → skip automatic rewrite to UUID (affects 1 child FK relationship(s)); run with --cascade to migrate
[ensure primary key uuid] default_sds_wsa2_user.id: int/bigint PK → converted to UUID PRIMARY KEY (kept name id)
[ensure primary key uuid] default_search_index.id: int/bigint PK → converted to UUID PRIMARY KEY (kept name id)
[ensure primary key uuid] default_search_log.id: int/bigint PK → converted to UUID PRIMARY KEY (kept name id)
[ensure primary key uuid] default_settings.(composite): present → DRY: would replace with UUID PK and unique previous PK
[ensure primary key uuid] default_short_names.id: int/bigint PK → converted to UUID PRIMARY KEY (kept name id)
[ensure primary key uuid] default_sims_links.id: int/bigint PK → converted to UUID PRIMARY KEY (kept name id)
[ensure primary key uuid] default_sims_parents.id: int/bigint PK → converted to UUID PRIMARY KEY (kept name id)
[ensure primary key uuid] default_sims_pupils.id: missing → DRY: would add UUID id and PK
[ensure primary key uuid] default_social_consumers.id: int/bigint primary key with child FKs → skip automatic rewrite to UUID (affects 2 child FK relationship(s)); run with --cascade to migrate
[ensure primary key uuid] default_social_groups.id: int/bigint PK → converted to UUID PRIMARY KEY (kept name id)
[ensure primary key uuid] default_solicit_rules.id: int/bigint primary key with child FKs → skip automatic rewrite to UUID (affects 3 child FK relationship(s)); run with --cascade to migrate
[ensure primary key uuid] default_solicit_rules_settings.id: int/bigint PK → converted to UUID PRIMARY KEY (kept name id)
[ensure primary key uuid] default_statistics.id: int/bigint PK → converted to UUID PRIMARY KEY (kept name id)
[ensure primary key uuid] default_survey_administrator_associations.(composite): present → DRY: would replace with UUID PK and unique previous PK
[ensure primary key uuid] default_survey_membership_type_associations.(composite): present → DRY: would replace with UUID PK and unique previous PK
[ensure primary key uuid] default_survey_person_type_associations.(composite): present → DRY: would replace with UUID PK and unique previous PK
[ensure primary key uuid] default_survey_submissions_history.id: int/bigint primary key with child FKs → skip automatic rewrite to UUID (affects 1 child FK relationship(s)); run with --cascade to migrate
[ensure primary key uuid] default_survey_types.id: int/bigint PK → converted to UUID PRIMARY KEY (kept name id)
[ensure primary key uuid] default_surveys.id: int/bigint primary key with child FKs → skip automatic rewrite to UUID (affects 5 child FK relationship(s)); run with --cascade to migrate
[ensure primary key uuid] default_tag_clubs.(composite): present → DRY: would replace with UUID PK and unique previous PK
[ensure primary key uuid] default_tags.id: int/bigint PK → converted to UUID PRIMARY KEY (kept name id)
[ensure primary key uuid] default_tc_and_policies.id: int/bigint PK → converted to UUID PRIMARY KEY (kept name id)
[ensure primary key uuid] default_theme_options.id: int/bigint PK → converted to UUID PRIMARY KEY (kept name id)
[ensure primary key uuid] default_toucantech_migrations.id: int/bigint PK → converted to UUID PRIMARY KEY (kept name id)
[ensure primary key uuid] default_translator_translations.id: int/bigint PK → converted to UUID PRIMARY KEY (kept name id)
[ensure primary key uuid] default_triggered_email_type.id: int/bigint primary key with child FKs → skip automatic rewrite to UUID (affects 2 child FK relationship(s)); run with --cascade to migrate
[ensure primary key uuid] default_triggered_emails.id: int/bigint primary key with child FKs → skip automatic rewrite to UUID (affects 2 child FK relationship(s)); run with --cascade to migrate
[ensure primary key uuid] default_tweets.id: int/bigint PK → converted to UUID PRIMARY KEY (kept name id)
[ensure primary key uuid] default_user_ac_managers.(composite): present → DRY: would replace with UUID PK and unique previous PK
[ensure primary key uuid] default_user_backups.id: int/bigint PK → converted to UUID PRIMARY KEY (kept name id)
[ensure primary key uuid] default_user_blocked_users.id: int/bigint PK → converted to UUID PRIMARY KEY (kept name id)
[ensure primary key uuid] default_user_club_tagged_notifications.id: int/bigint PK → converted to UUID PRIMARY KEY (kept name id)
[ensure primary key uuid] default_user_content_tracker.id: int/bigint PK → converted to UUID PRIMARY KEY (kept name id)
[ensure primary key uuid] default_user_documents.id: int/bigint PK → converted to UUID PRIMARY KEY (kept name id)
[ensure primary key uuid] default_user_invite_codes.id: int/bigint PK → converted to UUID PRIMARY KEY (kept name id)
[ensure primary key uuid] default_user_launch_invite_signups.id: int/bigint PK → converted to UUID PRIMARY KEY (kept name id)
[ensure primary key uuid] default_user_logins.id: int/bigint PK → converted to UUID PRIMARY KEY (kept name id)
[ensure primary key uuid] default_user_memberships.id: int/bigint PK → converted to UUID PRIMARY KEY (kept name id)
[ensure primary key uuid] default_user_org_types.(composite): present → DRY: would replace with UUID PK and unique previous PK
[ensure primary key uuid] default_user_organisations.id: int/bigint PK → converted to UUID PRIMARY KEY (kept name id)
[ensure primary key uuid] default_user_pipelines.id: int/bigint primary key with child FKs → skip automatic rewrite to UUID (affects 1 child FK relationship(s)); run with --cascade to migrate
[ensure primary key uuid] default_user_pipelines_stage.id: int/bigint primary key with child FKs → skip automatic rewrite to UUID (affects 1 child FK relationship(s)); run with --cascade to migrate
[ensure primary key uuid] default_user_query.id: int/bigint PK → converted to UUID PRIMARY KEY (kept name id)
[ensure primary key uuid] default_user_rate_limit.id: int/bigint PK → converted to UUID PRIMARY KEY (kept name id)
[ensure primary key uuid] default_user_relationship_type.id: int/bigint PK → converted to UUID PRIMARY KEY (kept name id)
[ensure primary key uuid] default_user_relationships.id: int/bigint PK → converted to UUID PRIMARY KEY (kept name id)
[ensure primary key uuid] default_user_school_tagged_notifications.id: int/bigint PK → converted to UUID PRIMARY KEY (kept name id)
[ensure primary key uuid] default_user_settings.id: int/bigint PK → converted to UUID PRIMARY KEY (kept name id)
[ensure primary key uuid] default_user_snapshots.id: int/bigint PK → converted to UUID PRIMARY KEY (kept name id)
[ensure primary key uuid] default_user_solicit_rules.id: int/bigint PK → converted to UUID PRIMARY KEY (kept name id)
[ensure primary key uuid] default_user_tagged_notifications.id: int/bigint PK → converted to UUID PRIMARY KEY (kept name id)
[ensure primary key uuid] default_users.id: int/bigint primary key with child FKs → skip automatic rewrite to UUID (affects 157 child FK relationship(s)); run with --cascade to migrate
[ensure primary key uuid] default_users_linkedin.id: int/bigint PK → converted to UUID PRIMARY KEY (kept name id)
[ensure primary key uuid] default_users_site_specific_data.id: int/bigint PK → converted to UUID PRIMARY KEY (kept name id)
[ensure primary key uuid] default_users_social_accounts.id: int/bigint PK → converted to UUID PRIMARY KEY (kept name id)
[ensure primary key uuid] default_variables.id: int/bigint PK → converted to UUID PRIMARY KEY (kept name id)
[ensure primary key uuid] default_video_gallery_tags.id: int/bigint PK → converted to UUID PRIMARY KEY (kept name id)
[ensure primary key uuid] default_widget_areas.id: int/bigint PK → converted to UUID PRIMARY KEY (kept name id)
[ensure primary key uuid] default_widget_instances.id: int/bigint PK → converted to UUID PRIMARY KEY (kept name id)
[ensure primary key uuid] default_widgets.id: int/bigint PK → converted to UUID PRIMARY KEY (kept name id)
[ensure primary key uuid] default_wonde_mappings.id: int/bigint PK → converted to UUID PRIMARY KEY (kept name id)
[ensure primary key uuid] field_allowed_operators.(composite): present → DRY: would replace with UUID PK and unique previous PK
Findings: 375
[END] DB Fix completed at 2026-04-28 12:03:23
