[START] DB Fix started at 2025-11-06 09:47:51
Running set: ensure_datetime_set — Normalise legacy DATE/DATETIME/TIMESTAMP values, then convert all temporal columns to DATETIME.
[normalize temporal values] default_accounting_invoices.created_on: dry-run → would zero→NULL
[normalize temporal values] default_accounting_invoices.created_on: dry-run → would zero→NULL
[normalize temporal values] default_accounting_invoices.created_on: dry-run → would strip microseconds
[normalize temporal values] default_accounting_invoices.updated_on: dry-run → would empty-string → NULL
[normalize temporal values] default_accounting_invoices.updated_on: dry-run → would zero→NULL
[normalize temporal values] default_accounting_invoices.updated_on: dry-run → would zero→NULL
[normalize temporal values] default_accounting_invoices.updated_on: dry-run → would strip microseconds
[normalize temporal values] default_accounting_logs.created_on: dry-run → would zero→NULL
[normalize temporal values] default_accounting_logs.created_on: dry-run → would zero→NULL
[normalize temporal values] default_accounting_logs.created_on: dry-run → would strip microseconds
[normalize temporal values] default_accounting_setup.created_on: dry-run → would zero→NULL
[normalize temporal values] default_accounting_setup.created_on: dry-run → would zero→NULL
[normalize temporal values] default_accounting_setup.created_on: dry-run → would strip microseconds
[normalize temporal values] default_accounting_setup.updated_on: dry-run → would zero→NULL
[normalize temporal values] default_accounting_setup.updated_on: dry-run → would zero→NULL
[normalize temporal values] default_accounting_setup.updated_on: dry-run → would strip microseconds
[normalize temporal values] default_accounting_system_field_options.created_on: dry-run → would zero→NULL
[normalize temporal values] default_accounting_system_field_options.created_on: dry-run → would zero→NULL
[normalize temporal values] default_accounting_system_field_options.created_on: dry-run → would strip microseconds
[normalize temporal values] default_accounting_system_field_options.updated_on: dry-run → would empty-string → NULL
[normalize temporal values] default_accounting_system_field_options.updated_on: dry-run → would zero→NULL
[normalize temporal values] default_accounting_system_field_options.updated_on: dry-run → would zero→NULL
[normalize temporal values] default_accounting_system_field_options.updated_on: dry-run → would strip microseconds
[normalize temporal values] default_accounting_system_fields.created_on: dry-run → would zero→NULL
[normalize temporal values] default_accounting_system_fields.created_on: dry-run → would zero→NULL
[normalize temporal values] default_accounting_system_fields.created_on: dry-run → would strip microseconds
[normalize temporal values] default_accounting_system_fields.updated_on: dry-run → would empty-string → NULL
[normalize temporal values] default_accounting_system_fields.updated_on: dry-run → would zero→NULL
[normalize temporal values] default_accounting_system_fields.updated_on: dry-run → would zero→NULL
[normalize temporal values] default_accounting_system_fields.updated_on: dry-run → would strip microseconds
[normalize temporal values] default_admin_selection.updated: dry-run → would empty-string → NULL
[normalize temporal values] default_admin_selection.updated: dry-run → would zero→NULL
[normalize temporal values] default_admin_selection.updated: dry-run → would zero→NULL
[normalize temporal values] default_admin_selection.updated: dry-run → would strip microseconds
[normalize temporal values] default_api_keys.created: dry-run → would zero→NULL
[normalize temporal values] default_api_keys.created: dry-run → would zero→NULL
[normalize temporal values] default_api_keys.created: dry-run → would strip microseconds
[normalize temporal values] default_api_keys.updated: dry-run → would empty-string → NULL
[normalize temporal values] default_api_keys.updated: dry-run → would zero→NULL
[normalize temporal values] default_api_keys.updated: dry-run → would zero→NULL
[normalize temporal values] default_api_keys.updated: dry-run → would strip microseconds
[normalize temporal values] default_because_event_registrations.created_at: dry-run → would zero→NULL
[normalize temporal values] default_because_event_registrations.created_at: dry-run → would zero→NULL
[normalize temporal values] default_because_event_registrations.created_at: dry-run → would strip microseconds
[normalize temporal values] default_because_events.start: dry-run → would zero→NULL
[normalize temporal values] default_because_events.start: dry-run → would zero→NULL
[normalize temporal values] default_because_events.start: dry-run → would strip microseconds
[normalize temporal values] default_because_events.finish: dry-run → would zero→NULL
[normalize temporal values] default_because_events.finish: dry-run → would zero→NULL
[normalize temporal values] default_because_events.finish: dry-run → would strip microseconds
[normalize temporal values] default_blog.created: dry-run → would zero→NULL
[normalize temporal values] default_blog.created: dry-run → would zero→NULL
[normalize temporal values] default_blog.created: dry-run → would strip microseconds
[normalize temporal values] default_blog.updated: dry-run → would empty-string → NULL
[normalize temporal values] default_blog.updated: dry-run → would zero→NULL
[normalize temporal values] default_blog.updated: dry-run → would zero→NULL
[normalize temporal values] default_blog.updated: dry-run → would strip microseconds
[normalize temporal values] default_business_profile_reads.date: dry-run → would zero→NULL
[normalize temporal values] default_business_profile_reads.date: dry-run → would zero→NULL
[normalize temporal values] default_business_profile_reads.date: dry-run → would strip microseconds
[normalize temporal values] default_business_profiles.created_on: dry-run → would zero→NULL
[normalize temporal values] default_business_profiles.created_on: dry-run → would zero→NULL
[normalize temporal values] default_business_profiles.created_on: dry-run → would strip microseconds
[normalize temporal values] default_custom_pages.created: dry-run → would zero→NULL
[normalize temporal values] default_custom_pages.created: dry-run → would zero→NULL
[normalize temporal values] default_custom_pages.created: dry-run → would strip microseconds
[normalize temporal values] default_def_page_fields.created: dry-run → would zero→NULL
[normalize temporal values] default_def_page_fields.created: dry-run → would zero→NULL
[normalize temporal values] default_def_page_fields.created: dry-run → would strip microseconds
[normalize temporal values] default_def_page_fields.updated: dry-run → would empty-string → NULL
[normalize temporal values] default_def_page_fields.updated: dry-run → would zero→NULL
[normalize temporal values] default_def_page_fields.updated: dry-run → would zero→NULL
[normalize temporal values] default_def_page_fields.updated: dry-run → would strip microseconds
[normalize temporal values] default_discounts.created: dry-run → would empty-string → NULL
[normalize temporal values] default_discounts.created: dry-run → would zero→NULL
[normalize temporal values] default_discounts.created: dry-run → would zero→NULL
[normalize temporal values] default_discounts.created: dry-run → would strip microseconds
[normalize temporal values] default_discounts.updated: dry-run → would empty-string → NULL
[normalize temporal values] default_discounts.updated: dry-run → would zero→NULL
[normalize temporal values] default_discounts.updated: dry-run → would zero→NULL
[normalize temporal values] default_discounts.updated: dry-run → would strip microseconds
[normalize temporal values] default_discounts.start_date: dry-run → would empty-string → NULL
[normalize temporal values] default_discounts.start_date: dry-run → would zero→NULL
[normalize temporal values] default_discounts.start_date: dry-run → would zero→NULL
[normalize temporal values] default_discounts.start_date: dry-run → would strip microseconds
[normalize temporal values] default_discounts.end_date: dry-run → would empty-string → NULL
[normalize temporal values] default_discounts.end_date: dry-run → would zero→NULL
[normalize temporal values] default_discounts.end_date: dry-run → would zero→NULL
[normalize temporal values] default_discounts.end_date: dry-run → would strip microseconds
[normalize temporal values] default_discounts_categories.created: dry-run → would empty-string → NULL
[normalize temporal values] default_discounts_categories.created: dry-run → would zero→NULL
[normalize temporal values] default_discounts_categories.created: dry-run → would zero→NULL
[normalize temporal values] default_discounts_categories.created: dry-run → would strip microseconds
[normalize temporal values] default_discounts_categories.updated: dry-run → would empty-string → NULL
[normalize temporal values] default_discounts_categories.updated: dry-run → would zero→NULL
[normalize temporal values] default_discounts_categories.updated: dry-run → would zero→NULL
[normalize temporal values] default_discounts_categories.updated: dry-run → would strip microseconds
[normalize temporal values] default_documents_downloads.downloaded_on: dry-run → would empty-string → NULL
[normalize temporal values] default_documents_downloads.downloaded_on: dry-run → would zero→NULL
[normalize temporal values] default_documents_downloads.downloaded_on: dry-run → would zero→NULL
[normalize temporal values] default_documents_downloads.downloaded_on: dry-run → would strip microseconds
[normalize temporal values] default_donor_types.created: dry-run → would zero→NULL
[normalize temporal values] default_donor_types.created: dry-run → would zero→NULL
[normalize temporal values] default_donor_types.created: dry-run → would strip microseconds
[normalize temporal values] default_donor_types.updated: dry-run → would empty-string → NULL
[normalize temporal values] default_donor_types.updated: dry-run → would zero→NULL
[normalize temporal values] default_donor_types.updated: dry-run → would zero→NULL
[normalize temporal values] default_donor_types.updated: dry-run → would strip microseconds
[normalize temporal values] default_email_link_clicks.created: dry-run → would empty-string → NULL
[normalize temporal values] default_email_link_clicks.created: dry-run → would zero→NULL
[normalize temporal values] default_email_link_clicks.created: dry-run → would zero→NULL
[normalize temporal values] default_email_link_clicks.created: dry-run → would strip microseconds
[normalize temporal values] default_email_log.created: dry-run → would empty-string → NULL
[normalize temporal values] default_email_log.created: dry-run → would zero→NULL
[normalize temporal values] default_email_log.created: dry-run → would zero→NULL
[normalize temporal values] default_email_log.created: dry-run → would strip microseconds
[normalize temporal values] default_email_users.created: dry-run → would zero→NULL
[normalize temporal values] default_email_users.created: dry-run → would zero→NULL
[normalize temporal values] default_email_users.created: dry-run → would strip microseconds
[normalize temporal values] default_email_users.opened_date: dry-run → would empty-string → NULL
[normalize temporal values] default_email_users.opened_date: dry-run → would zero→NULL
[normalize temporal values] default_email_users.opened_date: dry-run → would zero→NULL
[normalize temporal values] default_email_users.opened_date: dry-run → would strip microseconds
[normalize temporal values] default_email_users.unsubscribed_date: dry-run → would empty-string → NULL
[normalize temporal values] default_email_users.unsubscribed_date: dry-run → would zero→NULL
[normalize temporal values] default_email_users.unsubscribed_date: dry-run → would zero→NULL
[normalize temporal values] default_email_users.unsubscribed_date: dry-run → would strip microseconds
[normalize temporal values] default_email_versions.created: dry-run → would zero→NULL
[normalize temporal values] default_email_versions.created: dry-run → would zero→NULL
[normalize temporal values] default_email_versions.created: dry-run → would strip microseconds
[normalize temporal values] default_emails.created: dry-run → would zero→NULL
[normalize temporal values] default_emails.created: dry-run → would zero→NULL
[normalize temporal values] default_emails.created: dry-run → would strip microseconds
[normalize temporal values] default_emails.schedule_date: dry-run → would empty-string → NULL
[normalize temporal values] default_emails.schedule_date: dry-run → would zero→NULL
[normalize temporal values] default_emails.schedule_date: dry-run → would zero→NULL
[normalize temporal values] default_emails.schedule_date: dry-run → would strip microseconds
[normalize temporal values] default_emails.current_datetime: dry-run → would empty-string → NULL
[normalize temporal values] default_emails.current_datetime: dry-run → would zero→NULL
[normalize temporal values] default_emails.current_datetime: dry-run → would zero→NULL
[normalize temporal values] default_emails.current_datetime: dry-run → would strip microseconds
[normalize temporal values] default_emails.last_edited: dry-run → would empty-string → NULL
[normalize temporal values] default_emails.last_edited: dry-run → would zero→NULL
[normalize temporal values] default_emails.last_edited: dry-run → would zero→NULL
[normalize temporal values] default_emails.last_edited: dry-run → would strip microseconds
[normalize temporal values] default_event_attendees.invited_on: dry-run → would empty-string → NULL
[normalize temporal values] default_event_attendees.invited_on: dry-run → would zero→NULL
[normalize temporal values] default_event_attendees.invited_on: dry-run → would zero→NULL
[normalize temporal values] default_event_attendees.invited_on: dry-run → would strip microseconds
[normalize temporal values] default_event_attendees.rsvp_on: dry-run → would empty-string → NULL
[normalize temporal values] default_event_attendees.rsvp_on: dry-run → would zero→NULL
[normalize temporal values] default_event_attendees.rsvp_on: dry-run → would zero→NULL
[normalize temporal values] default_event_attendees.rsvp_on: dry-run → would strip microseconds
[normalize temporal values] default_event_attendees.created_at: dry-run → would zero→NULL
[normalize temporal values] default_event_attendees.created_at: dry-run → would zero→NULL
[normalize temporal values] default_event_attendees.created_at: dry-run → would strip microseconds
[normalize temporal values] default_event_extras_amounts.created: dry-run → would empty-string → NULL
[normalize temporal values] default_event_extras_amounts.created: dry-run → would zero→NULL
[normalize temporal values] default_event_extras_amounts.created: dry-run → would zero→NULL
[normalize temporal values] default_event_extras_amounts.created: dry-run → would strip microseconds
[normalize temporal values] default_event_extras_amounts_payment_status.created: dry-run → would empty-string → NULL
[normalize temporal values] default_event_extras_amounts_payment_status.created: dry-run → would zero→NULL
[normalize temporal values] default_event_extras_amounts_payment_status.created: dry-run → would zero→NULL
[normalize temporal values] default_event_extras_amounts_payment_status.created: dry-run → would strip microseconds
[normalize temporal values] default_event_extras_categories.created: dry-run → would empty-string → NULL
[normalize temporal values] default_event_extras_categories.created: dry-run → would zero→NULL
[normalize temporal values] default_event_extras_categories.created: dry-run → would zero→NULL
[normalize temporal values] default_event_extras_categories.created: dry-run → would strip microseconds
[normalize temporal values] default_event_extras_categories.updated: dry-run → would empty-string → NULL
[normalize temporal values] default_event_extras_categories.updated: dry-run → would zero→NULL
[normalize temporal values] default_event_extras_categories.updated: dry-run → would zero→NULL
[normalize temporal values] default_event_extras_categories.updated: dry-run → would strip microseconds
[normalize temporal values] default_event_extras_items.created: dry-run → would empty-string → NULL
[normalize temporal values] default_event_extras_items.created: dry-run → would zero→NULL
[normalize temporal values] default_event_extras_items.created: dry-run → would zero→NULL
[normalize temporal values] default_event_extras_items.created: dry-run → would strip microseconds
[normalize temporal values] default_event_extras_items.updated: dry-run → would empty-string → NULL
[normalize temporal values] default_event_extras_items.updated: dry-run → would zero→NULL
[normalize temporal values] default_event_extras_items.updated: dry-run → would zero→NULL
[normalize temporal values] default_event_extras_items.updated: dry-run → would strip microseconds
[normalize temporal values] default_event_registrations.created_at: dry-run → would zero→NULL
[normalize temporal values] default_event_registrations.created_at: dry-run → would zero→NULL
[normalize temporal values] default_event_registrations.created_at: dry-run → would strip microseconds
[normalize temporal values] default_event_registrations.payment_date_received: dry-run → would empty-string → NULL
[normalize temporal values] default_event_registrations.payment_date_received: dry-run → would zero→NULL
[normalize temporal values] default_event_registrations.payment_date_received: dry-run → would zero→NULL
[normalize temporal values] default_event_registrations.payment_date_received: dry-run → would strip microseconds
[normalize temporal values] default_events.start: dry-run → would zero→NULL
[normalize temporal values] default_events.start: dry-run → would zero→NULL
[normalize temporal values] default_events.start: dry-run → would strip microseconds
[normalize temporal values] default_events.finish: dry-run → would zero→NULL
[normalize temporal values] default_events.finish: dry-run → would zero→NULL
[normalize temporal values] default_events.finish: dry-run → would strip microseconds
[normalize temporal values] default_events.created_on: dry-run → would empty-string → NULL
[normalize temporal values] default_events.created_on: dry-run → would zero→NULL
[normalize temporal values] default_events.created_on: dry-run → would zero→NULL
[normalize temporal values] default_events.created_on: dry-run → would strip microseconds
[normalize temporal values] default_events.end_date_start: dry-run → would empty-string → NULL
[normalize temporal values] default_events.end_date_start: dry-run → would zero→NULL
[normalize temporal values] default_events.end_date_start: dry-run → would zero→NULL
[normalize temporal values] default_events.end_date_start: dry-run → would strip microseconds
[normalize temporal values] default_events.end_date_finish: dry-run → would empty-string → NULL
[normalize temporal values] default_events.end_date_finish: dry-run → would zero→NULL
[normalize temporal values] default_events.end_date_finish: dry-run → would zero→NULL
[normalize temporal values] default_events.end_date_finish: dry-run → would strip microseconds
[normalize temporal values] default_events.date_start: dry-run → would zero→NULL
[normalize temporal values] default_events.date_finish: dry-run → would zero→NULL
[normalize temporal values] default_events_admin_log.commited_on: dry-run → would empty-string → NULL
[normalize temporal values] default_events_admin_log.commited_on: dry-run → would zero→NULL
[normalize temporal values] default_events_admin_log.commited_on: dry-run → would zero→NULL
[normalize temporal values] default_events_admin_log.commited_on: dry-run → would strip microseconds
[normalize temporal values] default_fields_answer.created_on: dry-run → would zero→NULL
[normalize temporal values] default_fields_answer.created_on: dry-run → would zero→NULL
[normalize temporal values] default_fields_answer.created_on: dry-run → would strip microseconds
[normalize temporal values] default_fields_answer.updated_on: dry-run → would zero→NULL
[normalize temporal values] default_fields_answer.updated_on: dry-run → would zero→NULL
[normalize temporal values] default_fields_answer.updated_on: dry-run → would strip microseconds
[normalize temporal values] default_fields_answer_option_list.created_on: dry-run → would zero→NULL
[normalize temporal values] default_fields_answer_option_list.created_on: dry-run → would zero→NULL
[normalize temporal values] default_fields_answer_option_list.created_on: dry-run → would strip microseconds
[normalize temporal values] default_fields_answer_option_list.updated_on: dry-run → would zero→NULL
[normalize temporal values] default_fields_answer_option_list.updated_on: dry-run → would zero→NULL
[normalize temporal values] default_fields_answer_option_list.updated_on: dry-run → would strip microseconds
[normalize temporal values] default_fields_field.created_on: dry-run → would zero→NULL
[normalize temporal values] default_fields_field.created_on: dry-run → would zero→NULL
[normalize temporal values] default_fields_field.created_on: dry-run → would strip microseconds
[normalize temporal values] default_fields_field.updated_on: dry-run → would zero→NULL
[normalize temporal values] default_fields_field.updated_on: dry-run → would zero→NULL
[normalize temporal values] default_fields_field.updated_on: dry-run → would strip microseconds
[normalize temporal values] default_fields_group.created_on: dry-run → would zero→NULL
[normalize temporal values] default_fields_group.created_on: dry-run → would zero→NULL
[normalize temporal values] default_fields_group.created_on: dry-run → would strip microseconds
[normalize temporal values] default_fields_group.updated_on: dry-run → would zero→NULL
[normalize temporal values] default_fields_group.updated_on: dry-run → would zero→NULL
[normalize temporal values] default_fields_group.updated_on: dry-run → would strip microseconds
[normalize temporal values] default_fields_person_type.created_on: dry-run → would zero→NULL
[normalize temporal values] default_fields_person_type.created_on: dry-run → would zero→NULL
[normalize temporal values] default_fields_person_type.created_on: dry-run → would strip microseconds
[normalize temporal values] default_fields_person_type.updated_on: dry-run → would zero→NULL
[normalize temporal values] default_fields_person_type.updated_on: dry-run → would zero→NULL
[normalize temporal values] default_fields_person_type.updated_on: dry-run → would strip microseconds
[normalize temporal values] default_firesale_addresses.created: dry-run → would zero→NULL
[normalize temporal values] default_firesale_addresses.created: dry-run → would zero→NULL
[normalize temporal values] default_firesale_addresses.created: dry-run → would strip microseconds
[normalize temporal values] default_firesale_addresses.updated: dry-run → would empty-string → NULL
[normalize temporal values] default_firesale_addresses.updated: dry-run → would zero→NULL
[normalize temporal values] default_firesale_addresses.updated: dry-run → would zero→NULL
[normalize temporal values] default_firesale_addresses.updated: dry-run → would strip microseconds
[normalize temporal values] default_firesale_categories.created: dry-run → would zero→NULL
[normalize temporal values] default_firesale_categories.created: dry-run → would zero→NULL
[normalize temporal values] default_firesale_categories.created: dry-run → would strip microseconds
[normalize temporal values] default_firesale_categories.updated: dry-run → would empty-string → NULL
[normalize temporal values] default_firesale_categories.updated: dry-run → would zero→NULL
[normalize temporal values] default_firesale_categories.updated: dry-run → would zero→NULL
[normalize temporal values] default_firesale_categories.updated: dry-run → would strip microseconds
[normalize temporal values] default_firesale_currency.created: dry-run → would zero→NULL
[normalize temporal values] default_firesale_currency.created: dry-run → would zero→NULL
[normalize temporal values] default_firesale_currency.created: dry-run → would strip microseconds
[normalize temporal values] default_firesale_currency.updated: dry-run → would empty-string → NULL
[normalize temporal values] default_firesale_currency.updated: dry-run → would zero→NULL
[normalize temporal values] default_firesale_currency.updated: dry-run → would zero→NULL
[normalize temporal values] default_firesale_currency.updated: dry-run → would strip microseconds
[normalize temporal values] default_firesale_gateways.created: dry-run → would zero→NULL
[normalize temporal values] default_firesale_gateways.created: dry-run → would zero→NULL
[normalize temporal values] default_firesale_gateways.created: dry-run → would strip microseconds
[normalize temporal values] default_firesale_gateways.updated: dry-run → would empty-string → NULL
[normalize temporal values] default_firesale_gateways.updated: dry-run → would zero→NULL
[normalize temporal values] default_firesale_gateways.updated: dry-run → would zero→NULL
[normalize temporal values] default_firesale_gateways.updated: dry-run → would strip microseconds
[normalize temporal values] default_firesale_orders.created: dry-run → would zero→NULL
[normalize temporal values] default_firesale_orders.created: dry-run → would zero→NULL
[normalize temporal values] default_firesale_orders.created: dry-run → would strip microseconds
[normalize temporal values] default_firesale_orders.updated: dry-run → would empty-string → NULL
[normalize temporal values] default_firesale_orders.updated: dry-run → would zero→NULL
[normalize temporal values] default_firesale_orders.updated: dry-run → would zero→NULL
[normalize temporal values] default_firesale_orders.updated: dry-run → would strip microseconds
[normalize temporal values] default_firesale_orders.dispatched_email_sent_on: dry-run → would empty-string → NULL
[normalize temporal values] default_firesale_orders.dispatched_email_sent_on: dry-run → would zero→NULL
[normalize temporal values] default_firesale_orders.dispatched_email_sent_on: dry-run → would zero→NULL
[normalize temporal values] default_firesale_orders.dispatched_email_sent_on: dry-run → would strip microseconds
[normalize temporal values] default_firesale_orders_items.created: dry-run → would zero→NULL
[normalize temporal values] default_firesale_orders_items.created: dry-run → would zero→NULL
[normalize temporal values] default_firesale_orders_items.created: dry-run → would strip microseconds
[normalize temporal values] default_firesale_orders_items.updated: dry-run → would empty-string → NULL
[normalize temporal values] default_firesale_orders_items.updated: dry-run → would zero→NULL
[normalize temporal values] default_firesale_orders_items.updated: dry-run → would zero→NULL
[normalize temporal values] default_firesale_orders_items.updated: dry-run → would strip microseconds
[normalize temporal values] default_firesale_product_modifiers.created: dry-run → would zero→NULL
[normalize temporal values] default_firesale_product_modifiers.created: dry-run → would zero→NULL
[normalize temporal values] default_firesale_product_modifiers.created: dry-run → would strip microseconds
[normalize temporal values] default_firesale_product_modifiers.updated: dry-run → would empty-string → NULL
[normalize temporal values] default_firesale_product_modifiers.updated: dry-run → would zero→NULL
[normalize temporal values] default_firesale_product_modifiers.updated: dry-run → would zero→NULL
[normalize temporal values] default_firesale_product_modifiers.updated: dry-run → would strip microseconds
[normalize temporal values] default_firesale_product_variations.created: dry-run → would zero→NULL
[normalize temporal values] default_firesale_product_variations.created: dry-run → would zero→NULL
[normalize temporal values] default_firesale_product_variations.created: dry-run → would strip microseconds
[normalize temporal values] default_firesale_product_variations.updated: dry-run → would empty-string → NULL
[normalize temporal values] default_firesale_product_variations.updated: dry-run → would zero→NULL
[normalize temporal values] default_firesale_product_variations.updated: dry-run → would zero→NULL
[normalize temporal values] default_firesale_product_variations.updated: dry-run → would strip microseconds
[normalize temporal values] default_firesale_products.created: dry-run → would zero→NULL
[normalize temporal values] default_firesale_products.created: dry-run → would zero→NULL
[normalize temporal values] default_firesale_products.created: dry-run → would strip microseconds
[normalize temporal values] default_firesale_products.updated: dry-run → would empty-string → NULL
[normalize temporal values] default_firesale_products.updated: dry-run → would zero→NULL
[normalize temporal values] default_firesale_products.updated: dry-run → would zero→NULL
[normalize temporal values] default_firesale_products.updated: dry-run → would strip microseconds
[normalize temporal values] default_firesale_routes.created: dry-run → would zero→NULL
[normalize temporal values] default_firesale_routes.created: dry-run → would zero→NULL
[normalize temporal values] default_firesale_routes.created: dry-run → would strip microseconds
[normalize temporal values] default_firesale_routes.updated: dry-run → would empty-string → NULL
[normalize temporal values] default_firesale_routes.updated: dry-run → would zero→NULL
[normalize temporal values] default_firesale_routes.updated: dry-run → would zero→NULL
[normalize temporal values] default_firesale_routes.updated: dry-run → would strip microseconds
[normalize temporal values] default_firesale_taxes.created: dry-run → would zero→NULL
[normalize temporal values] default_firesale_taxes.created: dry-run → would zero→NULL
[normalize temporal values] default_firesale_taxes.created: dry-run → would strip microseconds
[normalize temporal values] default_firesale_taxes.updated: dry-run → would empty-string → NULL
[normalize temporal values] default_firesale_taxes.updated: dry-run → would zero→NULL
[normalize temporal values] default_firesale_taxes.updated: dry-run → would zero→NULL
[normalize temporal values] default_firesale_taxes.updated: dry-run → would strip microseconds
[normalize temporal values] default_fundraising_about.created: dry-run → would zero→NULL
[normalize temporal values] default_fundraising_about.created: dry-run → would zero→NULL
[normalize temporal values] default_fundraising_about.created: dry-run → would strip microseconds
[normalize temporal values] default_fundraising_about.updated: dry-run → would empty-string → NULL
[normalize temporal values] default_fundraising_about.updated: dry-run → would zero→NULL
[normalize temporal values] default_fundraising_about.updated: dry-run → would zero→NULL
[normalize temporal values] default_fundraising_about.updated: dry-run → would strip microseconds
[normalize temporal values] default_fundraising_admins.created: dry-run → would empty-string → NULL
[normalize temporal values] default_fundraising_admins.created: dry-run → would zero→NULL
[normalize temporal values] default_fundraising_admins.created: dry-run → would zero→NULL
[normalize temporal values] default_fundraising_admins.created: dry-run → would strip microseconds
[normalize temporal values] default_fundraising_admins.updated: dry-run → would empty-string → NULL
[normalize temporal values] default_fundraising_admins.updated: dry-run → would zero→NULL
[normalize temporal values] default_fundraising_admins.updated: dry-run → would zero→NULL
[normalize temporal values] default_fundraising_admins.updated: dry-run → would strip microseconds
[normalize temporal values] default_fundraising_campaign_rewards.created: dry-run → would zero→NULL
[normalize temporal values] default_fundraising_campaign_rewards.created: dry-run → would zero→NULL
[normalize temporal values] default_fundraising_campaign_rewards.created: dry-run → would strip microseconds
[normalize temporal values] default_fundraising_campaign_rewards.updated: dry-run → would empty-string → NULL
[normalize temporal values] default_fundraising_campaign_rewards.updated: dry-run → would zero→NULL
[normalize temporal values] default_fundraising_campaign_rewards.updated: dry-run → would zero→NULL
[normalize temporal values] default_fundraising_campaign_rewards.updated: dry-run → would strip microseconds
[normalize temporal values] default_fundraising_campaigns.created: dry-run → would zero→NULL
[normalize temporal values] default_fundraising_campaigns.created: dry-run → would zero→NULL
[normalize temporal values] default_fundraising_campaigns.created: dry-run → would strip microseconds
[normalize temporal values] default_fundraising_campaigns.updated: dry-run → would empty-string → NULL
[normalize temporal values] default_fundraising_campaigns.updated: dry-run → would zero→NULL
[normalize temporal values] default_fundraising_campaigns.updated: dry-run → would zero→NULL
[normalize temporal values] default_fundraising_campaigns.updated: dry-run → would strip microseconds
[normalize temporal values] default_fundraising_custom_section_one.created: dry-run → would zero→NULL
[normalize temporal values] default_fundraising_custom_section_one.created: dry-run → would zero→NULL
[normalize temporal values] default_fundraising_custom_section_one.created: dry-run → would strip microseconds
[normalize temporal values] default_fundraising_custom_section_one.updated: dry-run → would empty-string → NULL
[normalize temporal values] default_fundraising_custom_section_one.updated: dry-run → would zero→NULL
[normalize temporal values] default_fundraising_custom_section_one.updated: dry-run → would zero→NULL
[normalize temporal values] default_fundraising_custom_section_one.updated: dry-run → would strip microseconds
[normalize temporal values] default_fundraising_declarations.created: dry-run → would zero→NULL
[normalize temporal values] default_fundraising_declarations.created: dry-run → would zero→NULL
[normalize temporal values] default_fundraising_declarations.created: dry-run → would strip microseconds
[normalize temporal values] default_fundraising_declarations.updated: dry-run → would empty-string → NULL
[normalize temporal values] default_fundraising_declarations.updated: dry-run → would zero→NULL
[normalize temporal values] default_fundraising_declarations.updated: dry-run → would zero→NULL
[normalize temporal values] default_fundraising_declarations.updated: dry-run → would strip microseconds
[normalize temporal values] default_fundraising_declarations.declaration_consent_given: dry-run → would empty-string → NULL
[normalize temporal values] default_fundraising_declarations.declaration_consent_given: dry-run → would zero→NULL
[normalize temporal values] default_fundraising_declarations.declaration_consent_cancelled: dry-run → would empty-string → NULL
[normalize temporal values] default_fundraising_declarations.declaration_consent_cancelled: dry-run → would zero→NULL
[normalize temporal values] default_fundraising_documents.created: dry-run → would zero→NULL
[normalize temporal values] default_fundraising_documents.created: dry-run → would zero→NULL
[normalize temporal values] default_fundraising_documents.created: dry-run → would strip microseconds
[normalize temporal values] default_fundraising_documents.updated: dry-run → would empty-string → NULL
[normalize temporal values] default_fundraising_documents.updated: dry-run → would zero→NULL
[normalize temporal values] default_fundraising_documents.updated: dry-run → would zero→NULL
[normalize temporal values] default_fundraising_documents.updated: dry-run → would strip microseconds
[normalize temporal values] default_fundraising_linked_records.created: dry-run → would zero→NULL
[normalize temporal values] default_fundraising_linked_records.created: dry-run → would zero→NULL
[normalize temporal values] default_fundraising_linked_records.created: dry-run → would strip microseconds
[normalize temporal values] default_fundraising_linked_records.updated: dry-run → would empty-string → NULL
[normalize temporal values] default_fundraising_linked_records.updated: dry-run → would zero→NULL
[normalize temporal values] default_fundraising_linked_records.updated: dry-run → would zero→NULL
[normalize temporal values] default_fundraising_linked_records.updated: dry-run → would strip microseconds
[normalize temporal values] default_fundraising_notes.created: dry-run → would zero→NULL
[normalize temporal values] default_fundraising_notes.created: dry-run → would zero→NULL
[normalize temporal values] default_fundraising_notes.created: dry-run → would strip microseconds
[normalize temporal values] default_fundraising_notes.updated: dry-run → would empty-string → NULL
[normalize temporal values] default_fundraising_notes.updated: dry-run → would zero→NULL
[normalize temporal values] default_fundraising_notes.updated: dry-run → would zero→NULL
[normalize temporal values] default_fundraising_notes.updated: dry-run → would strip microseconds
[normalize temporal values] default_fundraising_payment_logs.created: dry-run → would zero→NULL
[normalize temporal values] default_fundraising_payment_logs.created: dry-run → would zero→NULL
[normalize temporal values] default_fundraising_payment_logs.created: dry-run → would strip microseconds
[normalize temporal values] default_fundraising_payment_logs.updated: dry-run → would empty-string → NULL
[normalize temporal values] default_fundraising_payment_logs.updated: dry-run → would zero→NULL
[normalize temporal values] default_fundraising_payment_logs.updated: dry-run → would zero→NULL
[normalize temporal values] default_fundraising_payment_logs.updated: dry-run → would strip microseconds
[normalize temporal values] default_fundraising_payment_processors.created: dry-run → would zero→NULL
[normalize temporal values] default_fundraising_payment_processors.created: dry-run → would zero→NULL
[normalize temporal values] default_fundraising_payment_processors.created: dry-run → would strip microseconds
[normalize temporal values] default_fundraising_payment_processors.updated: dry-run → would empty-string → NULL
[normalize temporal values] default_fundraising_payment_processors.updated: dry-run → would zero→NULL
[normalize temporal values] default_fundraising_payment_processors.updated: dry-run → would zero→NULL
[normalize temporal values] default_fundraising_payment_processors.updated: dry-run → would strip microseconds
[normalize temporal values] default_fundraising_payment_schedules.created: dry-run → would zero→NULL
[normalize temporal values] default_fundraising_payment_schedules.created: dry-run → would zero→NULL
[normalize temporal values] default_fundraising_payment_schedules.created: dry-run → would strip microseconds
[normalize temporal values] default_fundraising_payment_schedules.updated: dry-run → would empty-string → NULL
[normalize temporal values] default_fundraising_payment_schedules.updated: dry-run → would zero→NULL
[normalize temporal values] default_fundraising_payment_schedules.updated: dry-run → would zero→NULL
[normalize temporal values] default_fundraising_payment_schedules.updated: dry-run → would strip microseconds
[normalize temporal values] default_fundraising_payments.created: dry-run → would zero→NULL
[normalize temporal values] default_fundraising_payments.created: dry-run → would zero→NULL
[normalize temporal values] default_fundraising_payments.created: dry-run → would strip microseconds
[normalize temporal values] default_fundraising_payments.updated: dry-run → would empty-string → NULL
[normalize temporal values] default_fundraising_payments.updated: dry-run → would zero→NULL
[normalize temporal values] default_fundraising_payments.updated: dry-run → would zero→NULL
[normalize temporal values] default_fundraising_payments.updated: dry-run → would strip microseconds
[normalize temporal values] default_fundraising_payments.payment_date_received: dry-run → would empty-string → NULL
[normalize temporal values] default_fundraising_payments.payment_date_received: dry-run → would zero→NULL
[normalize temporal values] default_fundraising_payments.hmrc_submitted_date: dry-run → would empty-string → NULL
[normalize temporal values] default_fundraising_payments.hmrc_submitted_date: dry-run → would zero→NULL
[normalize temporal values] default_fundraising_payments.hmrc_received_date: dry-run → would empty-string → NULL
[normalize temporal values] default_fundraising_payments.hmrc_received_date: dry-run → would zero→NULL
[normalize temporal values] default_fundraising_payments.total_amount_date_pledged: dry-run → would empty-string → NULL
[normalize temporal values] default_fundraising_payments.total_amount_date_pledged: dry-run → would zero→NULL
[normalize temporal values] default_fundraising_payments.estimated_payment_date: dry-run → would empty-string → NULL
[normalize temporal values] default_fundraising_payments.estimated_payment_date: dry-run → would zero→NULL
[normalize temporal values] default_fundraising_support_us_documents.created: dry-run → would zero→NULL
[normalize temporal values] default_fundraising_support_us_documents.created: dry-run → would zero→NULL
[normalize temporal values] default_fundraising_support_us_documents.created: dry-run → would strip microseconds
[normalize temporal values] default_fundraising_support_us_documents.updated: dry-run → would empty-string → NULL
[normalize temporal values] default_fundraising_support_us_documents.updated: dry-run → would zero→NULL
[normalize temporal values] default_fundraising_support_us_documents.updated: dry-run → would zero→NULL
[normalize temporal values] default_fundraising_support_us_documents.updated: dry-run → would strip microseconds
[normalize temporal values] default_fundraising_tax_receipts.created: dry-run → would zero→NULL
[normalize temporal values] default_fundraising_tax_receipts.created: dry-run → would zero→NULL
[normalize temporal values] default_fundraising_tax_receipts.created: dry-run → would strip microseconds
[normalize temporal values] default_fundraising_welcome.created: dry-run → would zero→NULL
[normalize temporal values] default_fundraising_welcome.created: dry-run → would zero→NULL
[normalize temporal values] default_fundraising_welcome.created: dry-run → would strip microseconds
[normalize temporal values] default_fundraising_welcome.updated: dry-run → would empty-string → NULL
[normalize temporal values] default_fundraising_welcome.updated: dry-run → would zero→NULL
[normalize temporal values] default_fundraising_welcome.updated: dry-run → would zero→NULL
[normalize temporal values] default_fundraising_welcome.updated: dry-run → would strip microseconds
[normalize temporal values] default_group_permissions_logs.edited_on: dry-run → would empty-string → NULL
[normalize temporal values] default_group_permissions_logs.edited_on: dry-run → would zero→NULL
[normalize temporal values] default_group_permissions_logs.edited_on: dry-run → would zero→NULL
[normalize temporal values] default_group_permissions_logs.edited_on: dry-run → would strip microseconds
[normalize temporal values] default_history_custom_section_activity_feed.created: dry-run → would zero→NULL
[normalize temporal values] default_history_custom_section_activity_feed.created: dry-run → would zero→NULL
[normalize temporal values] default_history_custom_section_activity_feed.created: dry-run → would strip microseconds
[normalize temporal values] default_history_custom_section_activity_feed.updated: dry-run → would empty-string → NULL
[normalize temporal values] default_history_custom_section_activity_feed.updated: dry-run → would zero→NULL
[normalize temporal values] default_history_custom_section_activity_feed.updated: dry-run → would zero→NULL
[normalize temporal values] default_history_custom_section_activity_feed.updated: dry-run → would strip microseconds
[normalize temporal values] default_history_custom_section_announcement_banner.created: dry-run → would zero→NULL
[normalize temporal values] default_history_custom_section_announcement_banner.created: dry-run → would zero→NULL
[normalize temporal values] default_history_custom_section_announcement_banner.created: dry-run → would strip microseconds
[normalize temporal values] default_history_custom_section_announcement_banner.updated: dry-run → would empty-string → NULL
[normalize temporal values] default_history_custom_section_announcement_banner.updated: dry-run → would zero→NULL
[normalize temporal values] default_history_custom_section_announcement_banner.updated: dry-run → would zero→NULL
[normalize temporal values] default_history_custom_section_announcement_banner.updated: dry-run → would strip microseconds
[normalize temporal values] default_history_custom_section_quick_links.created: dry-run → would zero→NULL
[normalize temporal values] default_history_custom_section_quick_links.created: dry-run → would zero→NULL
[normalize temporal values] default_history_custom_section_quick_links.created: dry-run → would strip microseconds
[normalize temporal values] default_history_custom_section_quick_links.updated: dry-run → would empty-string → NULL
[normalize temporal values] default_history_custom_section_quick_links.updated: dry-run → would zero→NULL
[normalize temporal values] default_history_custom_section_quick_links.updated: dry-run → would zero→NULL
[normalize temporal values] default_history_custom_section_quick_links.updated: dry-run → would strip microseconds
[normalize temporal values] default_history_custom_section_system_notifications.created: dry-run → would zero→NULL
[normalize temporal values] default_history_custom_section_system_notifications.created: dry-run → would zero→NULL
[normalize temporal values] default_history_custom_section_system_notifications.created: dry-run → would strip microseconds
[normalize temporal values] default_history_custom_section_system_notifications.updated: dry-run → would empty-string → NULL
[normalize temporal values] default_history_custom_section_system_notifications.updated: dry-run → would zero→NULL
[normalize temporal values] default_history_custom_section_system_notifications.updated: dry-run → would zero→NULL
[normalize temporal values] default_history_custom_section_system_notifications.updated: dry-run → would strip microseconds
[normalize temporal values] default_import_log.date_created: dry-run → would empty-string → NULL
[normalize temporal values] default_import_log.date_created: dry-run → would zero→NULL
[normalize temporal values] default_import_log.date_created: dry-run → would zero→NULL
[normalize temporal values] default_import_log.date_created: dry-run → would strip microseconds
[normalize temporal values] default_jobs_bookmarks.date: dry-run → would zero→NULL
[normalize temporal values] default_jobs_bookmarks.date: dry-run → would zero→NULL
[normalize temporal values] default_jobs_bookmarks.date: dry-run → would strip microseconds
[normalize temporal values] default_membership_discount.created: dry-run → would zero→NULL
[normalize temporal values] default_membership_discount.created: dry-run → would zero→NULL
[normalize temporal values] default_membership_discount.created: dry-run → would strip microseconds
[normalize temporal values] default_membership_discount.updated: dry-run → would empty-string → NULL
[normalize temporal values] default_membership_discount.updated: dry-run → would zero→NULL
[normalize temporal values] default_membership_discount.updated: dry-run → would zero→NULL
[normalize temporal values] default_membership_discount.updated: dry-run → would strip microseconds
[normalize temporal values] default_membership_discount.validity_start_date: dry-run → would empty-string → NULL
[normalize temporal values] default_membership_discount.validity_start_date: dry-run → would zero→NULL
[normalize temporal values] default_membership_discount.validity_end_date: dry-run → would empty-string → NULL
[normalize temporal values] default_membership_discount.validity_end_date: dry-run → would zero→NULL
[normalize temporal values] default_membership_payment_receipts.created: dry-run → would zero→NULL
[normalize temporal values] default_membership_payment_receipts.created: dry-run → would zero→NULL
[normalize temporal values] default_membership_payment_receipts.created: dry-run → would strip microseconds
[normalize temporal values] default_membership_payment_schedules.created: dry-run → would zero→NULL
[normalize temporal values] default_membership_payment_schedules.created: dry-run → would zero→NULL
[normalize temporal values] default_membership_payment_schedules.created: dry-run → would strip microseconds
[normalize temporal values] default_membership_payment_schedules.updated: dry-run → would empty-string → NULL
[normalize temporal values] default_membership_payment_schedules.updated: dry-run → would zero→NULL
[normalize temporal values] default_membership_payment_schedules.updated: dry-run → would zero→NULL
[normalize temporal values] default_membership_payment_schedules.updated: dry-run → would strip microseconds
[normalize temporal values] default_membership_payments.created: dry-run → would zero→NULL
[normalize temporal values] default_membership_payments.created: dry-run → would zero→NULL
[normalize temporal values] default_membership_payments.created: dry-run → would strip microseconds
[normalize temporal values] default_membership_payments.updated: dry-run → would empty-string → NULL
[normalize temporal values] default_membership_payments.updated: dry-run → would zero→NULL
[normalize temporal values] default_membership_payments.updated: dry-run → would zero→NULL
[normalize temporal values] default_membership_payments.updated: dry-run → would strip microseconds
[normalize temporal values] default_membership_payments.validity_start_date: dry-run → would empty-string → NULL
[normalize temporal values] default_membership_payments.validity_start_date: dry-run → would zero→NULL
[normalize temporal values] default_membership_payments.validity_end_date: dry-run → would empty-string → NULL
[normalize temporal values] default_membership_payments.validity_end_date: dry-run → would zero→NULL
[normalize temporal values] default_membership_payments.estimated_payment_date: dry-run → would empty-string → NULL
[normalize temporal values] default_membership_payments.estimated_payment_date: dry-run → would zero→NULL
[normalize temporal values] default_membership_payments.payment_date_received: dry-run → would empty-string → NULL
[normalize temporal values] default_membership_payments.payment_date_received: dry-run → would zero→NULL
[normalize temporal values] default_membership_periods.start_date: dry-run → would empty-string → NULL
[normalize temporal values] default_membership_periods.start_date: dry-run → would zero→NULL
[normalize temporal values] default_membership_periods.orig_start_date: dry-run → would empty-string → NULL
[normalize temporal values] default_membership_periods.orig_start_date: dry-run → would zero→NULL
[normalize temporal values] default_membership_periods.end_date: dry-run → would empty-string → NULL
[normalize temporal values] default_membership_periods.end_date: dry-run → would zero→NULL
[normalize temporal values] default_membership_periods.orig_end_date: dry-run → would empty-string → NULL
[normalize temporal values] default_membership_periods.orig_end_date: dry-run → would zero→NULL
[normalize temporal values] default_membership_periods.created: dry-run → would empty-string → NULL
[normalize temporal values] default_membership_periods.created: dry-run → would zero→NULL
[normalize temporal values] default_membership_periods.created: dry-run → would zero→NULL
[normalize temporal values] default_membership_periods.created: dry-run → would strip microseconds
[normalize temporal values] default_membership_periods.updated: dry-run → would empty-string → NULL
[normalize temporal values] default_membership_periods.updated: dry-run → would zero→NULL
[normalize temporal values] default_membership_periods.updated: dry-run → would zero→NULL
[normalize temporal values] default_membership_periods.updated: dry-run → would strip microseconds
[normalize temporal values] default_membership_type.created: dry-run → would zero→NULL
[normalize temporal values] default_membership_type.created: dry-run → would zero→NULL
[normalize temporal values] default_membership_type.created: dry-run → would strip microseconds
[normalize temporal values] default_membership_type.updated: dry-run → would empty-string → NULL
[normalize temporal values] default_membership_type.updated: dry-run → would zero→NULL
[normalize temporal values] default_membership_type.updated: dry-run → would zero→NULL
[normalize temporal values] default_membership_type.updated: dry-run → would strip microseconds
[normalize temporal values] default_memberships.created: dry-run → would zero→NULL
[normalize temporal values] default_memberships.created: dry-run → would zero→NULL
[normalize temporal values] default_memberships.created: dry-run → would strip microseconds
[normalize temporal values] default_memberships.updated: dry-run → would empty-string → NULL
[normalize temporal values] default_memberships.updated: dry-run → would zero→NULL
[normalize temporal values] default_memberships.updated: dry-run → would zero→NULL
[normalize temporal values] default_memberships.updated: dry-run → would strip microseconds
[normalize temporal values] default_mtable_snapshots.created_on: dry-run → would zero→NULL
[normalize temporal values] default_mtable_snapshots.created_on: dry-run → would zero→NULL
[normalize temporal values] default_mtable_snapshots.created_on: dry-run → would strip microseconds
[normalize temporal values] default_news_reads.date: dry-run → would zero→NULL
[normalize temporal values] default_news_reads.date: dry-run → would zero→NULL
[normalize temporal values] default_news_reads.date: dry-run → would strip microseconds
[normalize temporal values] default_newsletters_bounces.created: dry-run → would zero→NULL
[normalize temporal values] default_newsletters_bounces.created: dry-run → would zero→NULL
[normalize temporal values] default_newsletters_bounces.created: dry-run → would strip microseconds
[normalize temporal values] default_newsletters_bounces.updated: dry-run → would empty-string → NULL
[normalize temporal values] default_newsletters_bounces.updated: dry-run → would zero→NULL
[normalize temporal values] default_newsletters_bounces.updated: dry-run → would zero→NULL
[normalize temporal values] default_newsletters_bounces.updated: dry-run → would strip microseconds
[normalize temporal values] default_newsletters_clicks.created: dry-run → would zero→NULL
[normalize temporal values] default_newsletters_clicks.created: dry-run → would zero→NULL
[normalize temporal values] default_newsletters_clicks.created: dry-run → would strip microseconds
[normalize temporal values] default_newsletters_clicks.updated: dry-run → would empty-string → NULL
[normalize temporal values] default_newsletters_clicks.updated: dry-run → would zero→NULL
[normalize temporal values] default_newsletters_clicks.updated: dry-run → would zero→NULL
[normalize temporal values] default_newsletters_clicks.updated: dry-run → would strip microseconds
[normalize temporal values] default_newsletters_complaints.created: dry-run → would zero→NULL
[normalize temporal values] default_newsletters_complaints.created: dry-run → would zero→NULL
[normalize temporal values] default_newsletters_complaints.created: dry-run → would strip microseconds
[normalize temporal values] default_newsletters_complaints.updated: dry-run → would empty-string → NULL
[normalize temporal values] default_newsletters_complaints.updated: dry-run → would zero→NULL
[normalize temporal values] default_newsletters_complaints.updated: dry-run → would zero→NULL
[normalize temporal values] default_newsletters_complaints.updated: dry-run → would strip microseconds
[normalize temporal values] default_newsletters_deferrals.created: dry-run → would zero→NULL
[normalize temporal values] default_newsletters_deferrals.created: dry-run → would zero→NULL
[normalize temporal values] default_newsletters_deferrals.created: dry-run → would strip microseconds
[normalize temporal values] default_newsletters_deferrals.updated: dry-run → would empty-string → NULL
[normalize temporal values] default_newsletters_deferrals.updated: dry-run → would zero→NULL
[normalize temporal values] default_newsletters_deferrals.updated: dry-run → would zero→NULL
[normalize temporal values] default_newsletters_deferrals.updated: dry-run → would strip microseconds
[normalize temporal values] default_newsletters_errors.created: dry-run → would zero→NULL
[normalize temporal values] default_newsletters_errors.created: dry-run → would zero→NULL
[normalize temporal values] default_newsletters_errors.created: dry-run → would strip microseconds
[normalize temporal values] default_newsletters_errors.updated: dry-run → would empty-string → NULL
[normalize temporal values] default_newsletters_errors.updated: dry-run → would zero→NULL
[normalize temporal values] default_newsletters_errors.updated: dry-run → would zero→NULL
[normalize temporal values] default_newsletters_errors.updated: dry-run → would strip microseconds
[normalize temporal values] default_newsletters_forms.created: dry-run → would zero→NULL
[normalize temporal values] default_newsletters_forms.created: dry-run → would zero→NULL
[normalize temporal values] default_newsletters_forms.created: dry-run → would strip microseconds
[normalize temporal values] default_newsletters_forms.updated: dry-run → would empty-string → NULL
[normalize temporal values] default_newsletters_forms.updated: dry-run → would zero→NULL
[normalize temporal values] default_newsletters_forms.updated: dry-run → would zero→NULL
[normalize temporal values] default_newsletters_forms.updated: dry-run → would strip microseconds
[normalize temporal values] default_newsletters_forwards.created: dry-run → would zero→NULL
[normalize temporal values] default_newsletters_forwards.created: dry-run → would zero→NULL
[normalize temporal values] default_newsletters_forwards.created: dry-run → would strip microseconds
[normalize temporal values] default_newsletters_forwards.updated: dry-run → would empty-string → NULL
[normalize temporal values] default_newsletters_forwards.updated: dry-run → would zero→NULL
[normalize temporal values] default_newsletters_forwards.updated: dry-run → would zero→NULL
[normalize temporal values] default_newsletters_forwards.updated: dry-run → would strip microseconds
[normalize temporal values] default_newsletters_lists.created: dry-run → would zero→NULL
[normalize temporal values] default_newsletters_lists.created: dry-run → would zero→NULL
[normalize temporal values] default_newsletters_lists.created: dry-run → would strip microseconds
[normalize temporal values] default_newsletters_lists.updated: dry-run → would empty-string → NULL
[normalize temporal values] default_newsletters_lists.updated: dry-run → would zero→NULL
[normalize temporal values] default_newsletters_lists.updated: dry-run → would zero→NULL
[normalize temporal values] default_newsletters_lists.updated: dry-run → would strip microseconds
[normalize temporal values] default_newsletters_newsletters.created: dry-run → would zero→NULL
[normalize temporal values] default_newsletters_newsletters.created: dry-run → would zero→NULL
[normalize temporal values] default_newsletters_newsletters.created: dry-run → would strip microseconds
[normalize temporal values] default_newsletters_newsletters.updated: dry-run → would empty-string → NULL
[normalize temporal values] default_newsletters_newsletters.updated: dry-run → would zero→NULL
[normalize temporal values] default_newsletters_newsletters.updated: dry-run → would zero→NULL
[normalize temporal values] default_newsletters_newsletters.updated: dry-run → would strip microseconds
[normalize temporal values] default_newsletters_newsletters.send_on: dry-run → would empty-string → NULL
[normalize temporal values] default_newsletters_newsletters.send_on: dry-run → would zero→NULL
[normalize temporal values] default_newsletters_newsletters.send_on: dry-run → would zero→NULL
[normalize temporal values] default_newsletters_newsletters.send_on: dry-run → would strip microseconds
[normalize temporal values] default_newsletters_opens.created: dry-run → would zero→NULL
[normalize temporal values] default_newsletters_opens.created: dry-run → would zero→NULL
[normalize temporal values] default_newsletters_opens.created: dry-run → would strip microseconds
[normalize temporal values] default_newsletters_opens.updated: dry-run → would empty-string → NULL
[normalize temporal values] default_newsletters_opens.updated: dry-run → would zero→NULL
[normalize temporal values] default_newsletters_opens.updated: dry-run → would zero→NULL
[normalize temporal values] default_newsletters_opens.updated: dry-run → would strip microseconds
[normalize temporal values] default_newsletters_opt_outs.created: dry-run → would zero→NULL
[normalize temporal values] default_newsletters_opt_outs.created: dry-run → would zero→NULL
[normalize temporal values] default_newsletters_opt_outs.created: dry-run → would strip microseconds
[normalize temporal values] default_newsletters_opt_outs.updated: dry-run → would empty-string → NULL
[normalize temporal values] default_newsletters_opt_outs.updated: dry-run → would zero→NULL
[normalize temporal values] default_newsletters_opt_outs.updated: dry-run → would zero→NULL
[normalize temporal values] default_newsletters_opt_outs.updated: dry-run → would strip microseconds
[normalize temporal values] default_newsletters_queue.created: dry-run → would zero→NULL
[normalize temporal values] default_newsletters_queue.created: dry-run → would zero→NULL
[normalize temporal values] default_newsletters_queue.created: dry-run → would strip microseconds
[normalize temporal values] default_newsletters_queue.updated: dry-run → would empty-string → NULL
[normalize temporal values] default_newsletters_queue.updated: dry-run → would zero→NULL
[normalize temporal values] default_newsletters_queue.updated: dry-run → would zero→NULL
[normalize temporal values] default_newsletters_queue.updated: dry-run → would strip microseconds
[normalize temporal values] default_newsletters_queue.last_send_attempt: dry-run → would empty-string → NULL
[normalize temporal values] default_newsletters_queue.last_send_attempt: dry-run → would zero→NULL
[normalize temporal values] default_newsletters_queue.last_send_attempt: dry-run → would zero→NULL
[normalize temporal values] default_newsletters_queue.last_send_attempt: dry-run → would strip microseconds
[normalize temporal values] default_newsletters_subscribers.created: dry-run → would zero→NULL
[normalize temporal values] default_newsletters_subscribers.created: dry-run → would zero→NULL
[normalize temporal values] default_newsletters_subscribers.created: dry-run → would strip microseconds
[normalize temporal values] default_newsletters_subscribers.updated: dry-run → would empty-string → NULL
[normalize temporal values] default_newsletters_subscribers.updated: dry-run → would zero→NULL
[normalize temporal values] default_newsletters_subscribers.updated: dry-run → would zero→NULL
[normalize temporal values] default_newsletters_subscribers.updated: dry-run → would strip microseconds
[normalize temporal values] default_newsletters_subscribers.activated_on: dry-run → would empty-string → NULL
[normalize temporal values] default_newsletters_subscribers.activated_on: dry-run → would zero→NULL
[normalize temporal values] default_newsletters_subscribers.activated_on: dry-run → would zero→NULL
[normalize temporal values] default_newsletters_subscribers.activated_on: dry-run → would strip microseconds
[normalize temporal values] default_newsletters_subscriptions.created: dry-run → would zero→NULL
[normalize temporal values] default_newsletters_subscriptions.created: dry-run → would zero→NULL
[normalize temporal values] default_newsletters_subscriptions.created: dry-run → would strip microseconds
[normalize temporal values] default_newsletters_subscriptions.updated: dry-run → would empty-string → NULL
[normalize temporal values] default_newsletters_subscriptions.updated: dry-run → would zero→NULL
[normalize temporal values] default_newsletters_subscriptions.updated: dry-run → would zero→NULL
[normalize temporal values] default_newsletters_subscriptions.updated: dry-run → would strip microseconds
[normalize temporal values] default_newsletters_urls.created: dry-run → would zero→NULL
[normalize temporal values] default_newsletters_urls.created: dry-run → would zero→NULL
[normalize temporal values] default_newsletters_urls.created: dry-run → would strip microseconds
[normalize temporal values] default_newsletters_urls.updated: dry-run → would empty-string → NULL
[normalize temporal values] default_newsletters_urls.updated: dry-run → would zero→NULL
[normalize temporal values] default_newsletters_urls.updated: dry-run → would zero→NULL
[normalize temporal values] default_newsletters_urls.updated: dry-run → would strip microseconds
[normalize temporal values] default_newsletters_views.created: dry-run → would zero→NULL
[normalize temporal values] default_newsletters_views.created: dry-run → would zero→NULL
[normalize temporal values] default_newsletters_views.created: dry-run → would strip microseconds
[normalize temporal values] default_newsletters_views.updated: dry-run → would empty-string → NULL
[normalize temporal values] default_newsletters_views.updated: dry-run → would zero→NULL
[normalize temporal values] default_newsletters_views.updated: dry-run → would zero→NULL
[normalize temporal values] default_newsletters_views.updated: dry-run → would strip microseconds
[normalize temporal values] default_old_jobs.date: dry-run → would zero→NULL
[normalize temporal values] default_old_jobs.date: dry-run → would zero→NULL
[normalize temporal values] default_old_jobs.date: dry-run → would strip microseconds
[normalize temporal values] default_old_jobs.closing_date: dry-run → would zero→NULL
[normalize temporal values] default_old_jobs.closing_date: dry-run → would zero→NULL
[normalize temporal values] default_old_jobs.closing_date: dry-run → would strip microseconds
[normalize temporal values] default_old_jobs_applications.date: dry-run → would zero→NULL
[normalize temporal values] default_old_jobs_applications.date: dry-run → would zero→NULL
[normalize temporal values] default_old_jobs_applications.date: dry-run → would strip microseconds
[normalize temporal values] default_payment_custom_data.created: dry-run → would zero→NULL
[normalize temporal values] default_payment_custom_data.created: dry-run → would zero→NULL
[normalize temporal values] default_payment_custom_data.created: dry-run → would strip microseconds
[normalize temporal values] default_payment_logs.created: dry-run → would zero→NULL
[normalize temporal values] default_payment_logs.created: dry-run → would zero→NULL
[normalize temporal values] default_payment_logs.created: dry-run → would strip microseconds
[normalize temporal values] default_payment_logs.updated: dry-run → would empty-string → NULL
[normalize temporal values] default_payment_logs.updated: dry-run → would zero→NULL
[normalize temporal values] default_payment_logs.updated: dry-run → would zero→NULL
[normalize temporal values] default_payment_logs.updated: dry-run → would strip microseconds
[normalize temporal values] default_person_type.created: dry-run → would zero→NULL
[normalize temporal values] default_person_type.created: dry-run → would zero→NULL
[normalize temporal values] default_person_type.created: dry-run → would strip microseconds
[normalize temporal values] default_person_type.updated: dry-run → would empty-string → NULL
[normalize temporal values] default_person_type.updated: dry-run → would zero→NULL
[normalize temporal values] default_person_type.updated: dry-run → would zero→NULL
[normalize temporal values] default_person_type.updated: dry-run → would strip microseconds
[normalize temporal values] default_person_type_log.updated: dry-run → would empty-string → NULL
[normalize temporal values] default_person_type_log.updated: dry-run → would zero→NULL
[normalize temporal values] default_person_type_log.updated: dry-run → would zero→NULL
[normalize temporal values] default_person_type_log.updated: dry-run → would strip microseconds
[normalize temporal values] default_photo_gallery_videos.created_on: dry-run → would empty-string → NULL
[normalize temporal values] default_photo_gallery_videos.created_on: dry-run → would zero→NULL
[normalize temporal values] default_photo_gallery_videos.created_on: dry-run → would zero→NULL
[normalize temporal values] default_photo_gallery_videos.created_on: dry-run → would strip microseconds
[normalize temporal values] default_photo_gallery_videos.updated_on: dry-run → would empty-string → NULL
[normalize temporal values] default_photo_gallery_videos.updated_on: dry-run → would zero→NULL
[normalize temporal values] default_photo_gallery_videos.updated_on: dry-run → would zero→NULL
[normalize temporal values] default_photo_gallery_videos.updated_on: dry-run → would strip microseconds
[normalize temporal values] default_pm_messages.created_at: dry-run → would zero→NULL
[normalize temporal values] default_pm_messages.created_at: dry-run → would zero→NULL
[normalize temporal values] default_pm_messages.created_at: dry-run → would strip microseconds
[normalize temporal values] default_pm_spam_notifications.created_at: dry-run → would zero→NULL
[normalize temporal values] default_pm_spam_notifications.created_at: dry-run → would zero→NULL
[normalize temporal values] default_pm_spam_notifications.created_at: dry-run → would strip microseconds
[normalize temporal values] default_pm_spam_notifications.moderation_at: dry-run → would empty-string → NULL
[normalize temporal values] default_pm_spam_notifications.moderation_at: dry-run → would zero→NULL
[normalize temporal values] default_pm_spam_notifications.moderation_at: dry-run → would zero→NULL
[normalize temporal values] default_pm_spam_notifications.moderation_at: dry-run → would strip microseconds
[normalize temporal values] default_potential_donor_types.created: dry-run → would zero→NULL
[normalize temporal values] default_potential_donor_types.created: dry-run → would zero→NULL
[normalize temporal values] default_potential_donor_types.created: dry-run → would strip microseconds
[normalize temporal values] default_potential_donor_types.updated: dry-run → would empty-string → NULL
[normalize temporal values] default_potential_donor_types.updated: dry-run → would zero→NULL
[normalize temporal values] default_potential_donor_types.updated: dry-run → would zero→NULL
[normalize temporal values] default_potential_donor_types.updated: dry-run → would strip microseconds
[normalize temporal values] default_profile_session_spent_time.session_date: dry-run → would empty-string → NULL
[normalize temporal values] default_profile_session_spent_time.session_date: dry-run → would zero→NULL
[normalize temporal values] default_profile_session_spent_time.session_date: dry-run → would zero→NULL
[normalize temporal values] default_profile_session_spent_time.session_date: dry-run → would strip microseconds
[normalize temporal values] default_profiles.created: dry-run → would empty-string → NULL
[normalize temporal values] default_profiles.created: dry-run → would zero→NULL
[normalize temporal values] default_profiles.created: dry-run → would zero→NULL
[normalize temporal values] default_profiles.created: dry-run → would strip microseconds
[normalize temporal values] default_profiles.updated: dry-run → would empty-string → NULL
[normalize temporal values] default_profiles.updated: dry-run → would zero→NULL
[normalize temporal values] default_profiles.updated: dry-run → would zero→NULL
[normalize temporal values] default_profiles.updated: dry-run → would strip microseconds
[normalize temporal values] default_profiles.fudraising_gift_aid_declared: dry-run → would empty-string → NULL
[normalize temporal values] default_profiles.fudraising_gift_aid_declared: dry-run → would zero→NULL
[normalize temporal values] default_profiles.merged_date: dry-run → would empty-string → NULL
[normalize temporal values] default_profiles.merged_date: dry-run → would zero→NULL
[normalize temporal values] default_profiles.merged_date: dry-run → would zero→NULL
[normalize temporal values] default_profiles.merged_date: dry-run → would strip microseconds
[normalize temporal values] default_profiles.approved_date: dry-run → would empty-string → NULL
[normalize temporal values] default_profiles.approved_date: dry-run → would zero→NULL
[normalize temporal values] default_profiles.approved_date: dry-run → would zero→NULL
[normalize temporal values] default_profiles.approved_date: dry-run → would strip microseconds
[normalize temporal values] default_profiles.check_consent_date: dry-run → would empty-string → NULL
[normalize temporal values] default_profiles.check_consent_date: dry-run → would zero→NULL
[normalize temporal values] default_profiles.check_consent_date: dry-run → would zero→NULL
[normalize temporal values] default_profiles.check_consent_date: dry-run → would strip microseconds
[normalize temporal values] default_profiles.online_deleted_date: dry-run → would empty-string → NULL
[normalize temporal values] default_profiles.online_deleted_date: dry-run → would zero→NULL
[normalize temporal values] default_profiles.online_deleted_date: dry-run → would zero→NULL
[normalize temporal values] default_profiles.online_deleted_date: dry-run → would strip microseconds
[normalize temporal values] default_profiles.date_of_birth: dry-run → would empty-string → NULL
[normalize temporal values] default_profiles.date_of_birth: dry-run → would zero→NULL
[normalize temporal values] default_profiles.date_of_birth: dry-run → would zero→NULL
[normalize temporal values] default_profiles.date_of_birth: dry-run → would strip microseconds
[normalize temporal values] default_profiles_admin_view.date: dry-run → would empty-string → NULL
[normalize temporal values] default_profiles_admin_view.date: dry-run → would zero→NULL
[normalize temporal values] default_profiles_admin_view.date: dry-run → would zero→NULL
[normalize temporal values] default_profiles_admin_view.date: dry-run → would strip microseconds
[normalize temporal values] default_profiles_education.created: dry-run → would empty-string → NULL
[normalize temporal values] default_profiles_education.created: dry-run → would zero→NULL
[normalize temporal values] default_profiles_education.created: dry-run → would zero→NULL
[normalize temporal values] default_profiles_education.created: dry-run → would strip microseconds
[normalize temporal values] default_profiles_education.updated: dry-run → would empty-string → NULL
[normalize temporal values] default_profiles_education.updated: dry-run → would zero→NULL
[normalize temporal values] default_profiles_education.updated: dry-run → would zero→NULL
[normalize temporal values] default_profiles_education.updated: dry-run → would strip microseconds
[normalize temporal values] default_profiles_education_offline.created: dry-run → would empty-string → NULL
[normalize temporal values] default_profiles_education_offline.created: dry-run → would zero→NULL
[normalize temporal values] default_profiles_education_offline.created: dry-run → would zero→NULL
[normalize temporal values] default_profiles_education_offline.created: dry-run → would strip microseconds
[normalize temporal values] default_profiles_education_offline.updated: dry-run → would empty-string → NULL
[normalize temporal values] default_profiles_education_offline.updated: dry-run → would zero→NULL
[normalize temporal values] default_profiles_education_offline.updated: dry-run → would zero→NULL
[normalize temporal values] default_profiles_education_offline.updated: dry-run → would strip microseconds
[normalize temporal values] default_profiles_email.verified_on: dry-run → would empty-string → NULL
[normalize temporal values] default_profiles_email.verified_on: dry-run → would zero→NULL
[normalize temporal values] default_profiles_email.verified_on: dry-run → would zero→NULL
[normalize temporal values] default_profiles_email.verified_on: dry-run → would strip microseconds
[normalize temporal values] default_profiles_person_type.created_at: dry-run → would empty-string → NULL
[normalize temporal values] default_profiles_person_type.created_at: dry-run → would zero→NULL
[normalize temporal values] default_profiles_person_type.created_at: dry-run → would zero→NULL
[normalize temporal values] default_profiles_person_type.created_at: dry-run → would strip microseconds
[normalize temporal values] default_profiles_work.created: dry-run → would empty-string → NULL
[normalize temporal values] default_profiles_work.created: dry-run → would zero→NULL
[normalize temporal values] default_profiles_work.created: dry-run → would zero→NULL
[normalize temporal values] default_profiles_work.created: dry-run → would strip microseconds
[normalize temporal values] default_profiles_work.updated: dry-run → would empty-string → NULL
[normalize temporal values] default_profiles_work.updated: dry-run → would zero→NULL
[normalize temporal values] default_profiles_work.updated: dry-run → would zero→NULL
[normalize temporal values] default_profiles_work.updated: dry-run → would strip microseconds
[normalize temporal values] default_profiles_work_offline.created: dry-run → would empty-string → NULL
[normalize temporal values] default_profiles_work_offline.created: dry-run → would zero→NULL
[normalize temporal values] default_profiles_work_offline.created: dry-run → would zero→NULL
[normalize temporal values] default_profiles_work_offline.created: dry-run → would strip microseconds
[normalize temporal values] default_profiles_work_offline.updated: dry-run → would empty-string → NULL
[normalize temporal values] default_profiles_work_offline.updated: dry-run → would zero→NULL
[normalize temporal values] default_profiles_work_offline.updated: dry-run → would zero→NULL
[normalize temporal values] default_profiles_work_offline.updated: dry-run → would strip microseconds
[normalize temporal values] default_push_notifications.schedule_date: dry-run → would empty-string → NULL
[normalize temporal values] default_push_notifications.schedule_date: dry-run → would zero→NULL
[normalize temporal values] default_push_notifications.schedule_date: dry-run → would zero→NULL
[normalize temporal values] default_push_notifications.schedule_date: dry-run → would strip microseconds
[normalize temporal values] default_related_news.created_at: dry-run → would zero→NULL
[normalize temporal values] default_related_news.created_at: dry-run → would zero→NULL
[normalize temporal values] default_related_news.created_at: dry-run → would strip microseconds
[normalize temporal values] default_resources.created_on: dry-run → would zero→NULL
[normalize temporal values] default_resources.created_on: dry-run → would zero→NULL
[normalize temporal values] default_resources.created_on: dry-run → would strip microseconds
[normalize temporal values] default_resources.update_on: dry-run → would empty-string → NULL
[normalize temporal values] default_resources.update_on: dry-run → would zero→NULL
[normalize temporal values] default_resources.update_on: dry-run → would zero→NULL
[normalize temporal values] default_resources.update_on: dry-run → would strip microseconds
[normalize temporal values] default_resources_clubs.created_on: dry-run → would empty-string → NULL
[normalize temporal values] default_resources_clubs.created_on: dry-run → would zero→NULL
[normalize temporal values] default_resources_clubs.created_on: dry-run → would zero→NULL
[normalize temporal values] default_resources_clubs.created_on: dry-run → would strip microseconds
[normalize temporal values] default_resources_downloads.download_date: dry-run → would empty-string → NULL
[normalize temporal values] default_resources_downloads.download_date: dry-run → would zero→NULL
[normalize temporal values] default_resources_downloads.download_date: dry-run → would zero→NULL
[normalize temporal values] default_resources_downloads.download_date: dry-run → would strip microseconds
[normalize temporal values] default_sds_wsa2_user.expiry_date: dry-run → would empty-string → NULL
[normalize temporal values] default_sds_wsa2_user.expiry_date: dry-run → would zero→NULL
[normalize temporal values] default_sds_wsa2_user.expiry_date: dry-run → would zero→NULL
[normalize temporal values] default_sds_wsa2_user.expiry_date: dry-run → would strip microseconds
[normalize temporal values] default_search_log.created_on: dry-run → would empty-string → NULL
[normalize temporal values] default_search_log.created_on: dry-run → would zero→NULL
[normalize temporal values] default_search_log.created_on: dry-run → would zero→NULL
[normalize temporal values] default_search_log.created_on: dry-run → would strip microseconds
[normalize temporal values] default_solicit_rules.last_edited: dry-run → would empty-string → NULL
[normalize temporal values] default_solicit_rules.last_edited: dry-run → would zero→NULL
[normalize temporal values] default_solicit_rules_settings.last_edited: dry-run → would empty-string → NULL
[normalize temporal values] default_solicit_rules_settings.last_edited: dry-run → would zero→NULL
[normalize temporal values] default_toucantech_migrations.created: dry-run → would empty-string → NULL
[normalize temporal values] default_toucantech_migrations.created: dry-run → would zero→NULL
[normalize temporal values] default_toucantech_migrations.created: dry-run → would zero→NULL
[normalize temporal values] default_toucantech_migrations.created: dry-run → would strip microseconds
[normalize temporal values] default_translator_translations.created_on: dry-run → would zero→NULL
[normalize temporal values] default_translator_translations.created_on: dry-run → would zero→NULL
[normalize temporal values] default_translator_translations.created_on: dry-run → would strip microseconds
[normalize temporal values] default_translator_translations.updated_on: dry-run → would zero→NULL
[normalize temporal values] default_translator_translations.updated_on: dry-run → would zero→NULL
[normalize temporal values] default_translator_translations.updated_on: dry-run → would strip microseconds
[normalize temporal values] default_triggered_email_type.created: dry-run → would zero→NULL
[normalize temporal values] default_triggered_email_type.created: dry-run → would zero→NULL
[normalize temporal values] default_triggered_email_type.created: dry-run → would strip microseconds
[normalize temporal values] default_triggered_emails.created: dry-run → would zero→NULL
[normalize temporal values] default_triggered_emails.created: dry-run → would zero→NULL
[normalize temporal values] default_triggered_emails.created: dry-run → would strip microseconds
[normalize temporal values] default_tweets.created: dry-run → would empty-string → NULL
[normalize temporal values] default_tweets.created: dry-run → would zero→NULL
[normalize temporal values] default_tweets.created: dry-run → would zero→NULL
[normalize temporal values] default_tweets.created: dry-run → would strip microseconds
[normalize temporal values] default_user_query.created: dry-run → would zero→NULL
[normalize temporal values] default_user_query.created: dry-run → would zero→NULL
[normalize temporal values] default_user_query.created: dry-run → would strip microseconds
[normalize temporal values] default_user_rate_limit.created: dry-run → would zero→NULL
[normalize temporal values] default_user_rate_limit.created: dry-run → would zero→NULL
[normalize temporal values] default_user_rate_limit.created: dry-run → would strip microseconds
[normalize temporal values] default_user_solicit_rules.date: dry-run → would empty-string → NULL
[normalize temporal values] default_user_solicit_rules.date: dry-run → would zero→NULL
[normalize temporal values] default_user_solicit_rules.date: dry-run → would zero→NULL
[normalize temporal values] default_user_solicit_rules.date: dry-run → would strip microseconds
[normalize temporal values] default_users.eula_agreed_on: dry-run → would empty-string → NULL
[normalize temporal values] default_users.eula_agreed_on: dry-run → would zero→NULL
[normalize temporal values] default_users.eula_agreed_on: dry-run → would zero→NULL
[normalize temporal values] default_users.eula_agreed_on: dry-run → would strip microseconds
[convert temporal columns to datetime] default_accounting_invoices.created_on: dry-run → would MODIFY TIMESTAMP→DATETIME
[convert temporal columns to datetime] default_accounting_invoices.updated_on: dry-run → would MODIFY TIMESTAMP→DATETIME
[convert temporal columns to datetime] default_accounting_logs.created_on: dry-run → would MODIFY TIMESTAMP→DATETIME
[convert temporal columns to datetime] default_accounting_setup.created_on: dry-run → would MODIFY TIMESTAMP→DATETIME
[convert temporal columns to datetime] default_accounting_setup.updated_on: dry-run → would MODIFY TIMESTAMP→DATETIME
[convert temporal columns to datetime] default_accounting_system_field_options.created_on: dry-run → would MODIFY TIMESTAMP→DATETIME
[convert temporal columns to datetime] default_accounting_system_field_options.updated_on: dry-run → would MODIFY TIMESTAMP→DATETIME
[convert temporal columns to datetime] default_accounting_system_fields.created_on: dry-run → would MODIFY TIMESTAMP→DATETIME
[convert temporal columns to datetime] default_accounting_system_fields.updated_on: dry-run → would MODIFY TIMESTAMP→DATETIME
[convert temporal columns to datetime] default_events.date_start: dry-run → would MODIFY DATE→DATETIME
[convert temporal columns to datetime] default_events.date_start: dry-run → would set time to 00:00:00
[convert temporal columns to datetime] default_events.date_finish: dry-run → would MODIFY DATE→DATETIME
[convert temporal columns to datetime] default_events.date_finish: dry-run → would set time to 00:00:00
[convert temporal columns to datetime] default_fundraising_declarations.declaration_consent_given: dry-run → would MODIFY DATE→DATETIME
[convert temporal columns to datetime] default_fundraising_declarations.declaration_consent_given: dry-run → would set time to 00:00:00
[convert temporal columns to datetime] default_fundraising_declarations.declaration_consent_cancelled: dry-run → would MODIFY DATE→DATETIME
[convert temporal columns to datetime] default_fundraising_declarations.declaration_consent_cancelled: dry-run → would set time to 00:00:00
[convert temporal columns to datetime] default_fundraising_payments.payment_date_received: dry-run → would MODIFY DATE→DATETIME
[convert temporal columns to datetime] default_fundraising_payments.payment_date_received: dry-run → would set time to 00:00:00
[convert temporal columns to datetime] default_fundraising_payments.hmrc_submitted_date: dry-run → would MODIFY DATE→DATETIME
[convert temporal columns to datetime] default_fundraising_payments.hmrc_submitted_date: dry-run → would set time to 00:00:00
[convert temporal columns to datetime] default_fundraising_payments.hmrc_received_date: dry-run → would MODIFY DATE→DATETIME
[convert temporal columns to datetime] default_fundraising_payments.hmrc_received_date: dry-run → would set time to 00:00:00
[convert temporal columns to datetime] default_fundraising_payments.total_amount_date_pledged: dry-run → would MODIFY DATE→DATETIME
[convert temporal columns to datetime] default_fundraising_payments.total_amount_date_pledged: dry-run → would set time to 00:00:00
[convert temporal columns to datetime] default_fundraising_payments.estimated_payment_date: dry-run → would MODIFY DATE→DATETIME
[convert temporal columns to datetime] default_fundraising_payments.estimated_payment_date: dry-run → would set time to 00:00:00
[convert temporal columns to datetime] default_jobs_bookmarks.date: dry-run → would MODIFY TIMESTAMP→DATETIME
[convert temporal columns to datetime] default_membership_discount.validity_start_date: dry-run → would MODIFY DATE→DATETIME
[convert temporal columns to datetime] default_membership_discount.validity_start_date: dry-run → would set time to 00:00:00
[convert temporal columns to datetime] default_membership_discount.validity_end_date: dry-run → would MODIFY DATE→DATETIME
[convert temporal columns to datetime] default_membership_discount.validity_end_date: dry-run → would set time to 00:00:00
[convert temporal columns to datetime] default_membership_payments.validity_start_date: dry-run → would MODIFY DATE→DATETIME
[convert temporal columns to datetime] default_membership_payments.validity_start_date: dry-run → would set time to 00:00:00
[convert temporal columns to datetime] default_membership_payments.validity_end_date: dry-run → would MODIFY DATE→DATETIME
[convert temporal columns to datetime] default_membership_payments.validity_end_date: dry-run → would set time to 00:00:00
[convert temporal columns to datetime] default_membership_payments.estimated_payment_date: dry-run → would MODIFY DATE→DATETIME
[convert temporal columns to datetime] default_membership_payments.estimated_payment_date: dry-run → would set time to 00:00:00
[convert temporal columns to datetime] default_membership_payments.payment_date_received: dry-run → would MODIFY DATE→DATETIME
[convert temporal columns to datetime] default_membership_payments.payment_date_received: dry-run → would set time to 00:00:00
[convert temporal columns to datetime] default_membership_periods.start_date: dry-run → would MODIFY DATE→DATETIME
[convert temporal columns to datetime] default_membership_periods.start_date: dry-run → would set time to 00:00:00
[convert temporal columns to datetime] default_membership_periods.orig_start_date: dry-run → would MODIFY DATE→DATETIME
[convert temporal columns to datetime] default_membership_periods.orig_start_date: dry-run → would set time to 00:00:00
[convert temporal columns to datetime] default_membership_periods.end_date: dry-run → would MODIFY DATE→DATETIME
[convert temporal columns to datetime] default_membership_periods.end_date: dry-run → would set time to 00:00:00
[convert temporal columns to datetime] default_membership_periods.orig_end_date: dry-run → would MODIFY DATE→DATETIME
[convert temporal columns to datetime] default_membership_periods.orig_end_date: dry-run → would set time to 00:00:00
[convert temporal columns to datetime] default_old_jobs.date: dry-run → would MODIFY TIMESTAMP→DATETIME
[convert temporal columns to datetime] default_old_jobs.closing_date: dry-run → would MODIFY TIMESTAMP→DATETIME
[convert temporal columns to datetime] default_old_jobs_applications.date: dry-run → would MODIFY TIMESTAMP→DATETIME
[convert temporal columns to datetime] default_pm_spam_notifications.created_at: dry-run → would MODIFY TIMESTAMP→DATETIME
[convert temporal columns to datetime] default_pm_spam_notifications.moderation_at: dry-run → would MODIFY TIMESTAMP→DATETIME
[convert temporal columns to datetime] default_profiles.fudraising_gift_aid_declared: dry-run → would MODIFY DATE→DATETIME
[convert temporal columns to datetime] default_profiles.fudraising_gift_aid_declared: dry-run → would set time to 00:00:00
[convert temporal columns to datetime] default_related_news.created_at: dry-run → would MODIFY TIMESTAMP→DATETIME
[convert temporal columns to datetime] default_solicit_rules.last_edited: dry-run → would MODIFY DATE→DATETIME
[convert temporal columns to datetime] default_solicit_rules.last_edited: dry-run → would set time to 00:00:00
[convert temporal columns to datetime] default_solicit_rules_settings.last_edited: dry-run → would MODIFY DATE→DATETIME
[convert temporal columns to datetime] default_solicit_rules_settings.last_edited: dry-run → would set time to 00:00:00
[convert temporal columns to datetime] default_toucantech_migrations.created: dry-run → would MODIFY TIMESTAMP→DATETIME
Findings: 942
[END] DB Fix completed at 2025-11-06 09:47:51
